This file contains any messages produced by compilers while
running configure, to aid debugging if configure makes a mistake.

It was created by configure, which was
generated by GNU Autoconf 2.69.  Invocation command line was

  $ /home/liv/Projects/ChoccyNix/autotar/source/binutils/binutils-2.45/libiberty/configure --srcdir=../../libiberty --cache-file=./config.cache --with-gnu-as --with-gnu-ld --prefix=/usr --libdir=/usr/lib --enable-shared --disable-multilib --disable-nls --disable-werror --program-transform-name=s,y,y, --disable-option-checking --disable-year2038 --build=x86_64-pc-linux-gnu --host=x86_64-pc-linux-gnu --target=x86_64-pc-linux-gnu

## --------- ##
## Platform. ##
## --------- ##

hostname = snekbian
uname -m = x86_64
uname -r = 6.12.41+deb13-amd64
uname -s = Linux
uname -v = #1 SMP PREEMPT_DYNAMIC Debian 6.12.41-1 (2025-08-12)

/usr/bin/uname -p = unknown
/bin/uname -X     = unknown

/bin/arch              = x86_64
/usr/bin/arch -k       = unknown
/usr/convex/getsysinfo = unknown
/usr/bin/hostinfo      = unknown
/bin/machine           = unknown
/usr/bin/oslevel       = unknown
/bin/universe          = unknown

PATH: /tmp/choccynix/tools/bin
PATH: /usr/bin


## ----------- ##
## Core tests. ##
## ----------- ##

configure:2392: creating cache ./config.cache
configure:2553: checking whether to enable maintainer-specific portions of Makefiles
configure:2563: result: no
configure:2583: checking for makeinfo
configure:2610: result: /home/liv/Projects/ChoccyNix/autotar/source/binutils/binutils-2.45/missing makeinfo --split-size=5000000
configure:2627: WARNING:
*** Makeinfo is missing. Info documentation will not be built.
configure:2650: checking for perl
configure:2666: found /usr/bin/perl
configure:2677: result: perl
configure:2696: checking build system type
configure:2710: result: x86_64-pc-linux-gnu
configure:2730: checking host system type
configure:2743: result: x86_64-pc-linux-gnu
configure:2768: checking for x86_64-pc-linux-gnu-ar
configure:2795: result: ar --plugin /usr/libexec/gcc/x86_64-linux-gnu/14/liblto_plugin.so
configure:2860: checking for x86_64-pc-linux-gnu-ranlib
configure:2887: result: ranlib --plugin /usr/libexec/gcc/x86_64-linux-gnu/14/liblto_plugin.so
configure:2950: checking for -plugin option
configure:2968: checking for x86_64-pc-linux-gnu-ar
configure:2995: result: ar --plugin /usr/libexec/gcc/x86_64-linux-gnu/14/liblto_plugin.so
configure:3070: result: --plugin /usr/libexec/gcc/x86_64-linux-gnu/14/liblto_plugin.so
configure:3110: checking whether to install libiberty headers and static library
configure:3133: result: no
configure:3135: target_header_dir = 
configure:3147: checking for x86_64-pc-linux-gnu-gcc
configure:3174: result: gcc
configure:3443: checking for C compiler version
configure:3452: gcc --version >&5
gcc (Debian 14.2.0-19) 14.2.0
Copyright (C) 2024 Free Software Foundation, Inc.
This is free software; see the source for copying conditions.  There is NO
warranty; not even for MERCHANTABILITY or FITNESS FOR A PARTICULAR PURPOSE.

configure:3463: $? = 0
configure:3452: gcc -v >&5
Using built-in specs.
COLLECT_GCC=gcc
COLLECT_LTO_WRAPPER=/usr/libexec/gcc/x86_64-linux-gnu/14/lto-wrapper
OFFLOAD_TARGET_NAMES=nvptx-none:amdgcn-amdhsa
OFFLOAD_TARGET_DEFAULT=1
Target: x86_64-linux-gnu
Configured with: ../src/configure -v --with-pkgversion='Debian 14.2.0-19' --with-bugurl=file:///usr/share/doc/gcc-14/README.Bugs --enable-languages=c,ada,c++,go,d,fortran,objc,obj-c++,m2,rust --prefix=/usr --with-gcc-major-version-only --program-suffix=-14 --program-prefix=x86_64-linux-gnu- --enable-shared --enable-linker-build-id --libexecdir=/usr/libexec --without-included-gettext --enable-threads=posix --libdir=/usr/lib --enable-nls --enable-bootstrap --enable-clocale=gnu --enable-libstdcxx-debug --enable-libstdcxx-time=yes --with-default-libstdcxx-abi=new --enable-libstdcxx-backtrace --enable-gnu-unique-object --disable-vtable-verify --enable-plugin --enable-default-pie --with-system-zlib --enable-libphobos-checking=release --with-target-system-zlib=auto --enable-objc-gc=auto --enable-multiarch --disable-werror --enable-cet --with-arch-32=i686 --with-abi=m64 --with-multilib-list=m32,m64,mx32 --enable-multilib --with-tune=generic --enable-offload-targets=nvptx-none=/build/reproducible-path/gcc-14-14.2.0/debian/tmp-nvptx/usr,amdgcn-amdhsa=/build/reproducible-path/gcc-14-14.2.0/debian/tmp-gcn/usr --enable-offload-defaulted --without-cuda-driver --enable-checking=release --build=x86_64-linux-gnu --host=x86_64-linux-gnu --target=x86_64-linux-gnu --with-build-config=bootstrap-lto-lean --enable-link-serialization=3
Thread model: posix
Supported LTO compression algorithms: zlib zstd
gcc version 14.2.0 (Debian 14.2.0-19) 
... rest of stderr output deleted ...
configure:3463: $? = 0
configure:3452: gcc -V >&5
gcc: error: unrecognized command-line option '-V'
gcc: fatal error: no input files
compilation terminated.
configure:3463: $? = 1
configure:3452: gcc -qversion >&5
gcc: error: unrecognized command-line option '-qversion'; did you mean '--version'?
gcc: fatal error: no input files
compilation terminated.
configure:3463: $? = 1
configure:3479: gcc -o conftest -g -O2        conftest.c  >&5
configure:3482: $? = 0
configure:3511: checking whether the C compiler works
configure:3533: gcc -g -O2        conftest.c  >&5
configure:3537: $? = 0
configure:3585: result: yes
configure:3588: checking for C compiler default output file name
configure:3590: result: a.out
configure:3596: checking for suffix of executables
configure:3603: gcc -o conftest -g -O2        conftest.c  >&5
configure:3607: $? = 0
configure:3629: result: 
configure:3651: checking whether we are cross compiling
configure:3659: gcc -o conftest -g -O2        conftest.c  >&5
configure:3663: $? = 0
configure:3670: ./conftest
configure:3674: $? = 0
configure:3689: result: no
configure:3695: checking for suffix of object files
configure:3717: gcc -c -g -O2      conftest.c >&5
configure:3721: $? = 0
configure:3742: result: o
configure:3746: checking whether we are using the GNU C compiler
configure:3765: gcc -c -g -O2      conftest.c >&5
configure:3765: $? = 0
configure:3774: result: yes
configure:3783: checking whether gcc accepts -g
configure:3803: gcc -c -g  conftest.c >&5
configure:3803: $? = 0
configure:3844: result: yes
configure:3861: checking for gcc option to accept ISO C89
configure:3924: gcc  -c -g -O2      conftest.c >&5
configure:3924: $? = 0
configure:3937: result: none needed
configure:3963: checking how to run the C preprocessor
configure:3994: gcc -E  conftest.c
configure:3994: $? = 0
configure:4008: gcc -E  conftest.c
conftest.c:9:10: fatal error: ac_nonexistent.h: No such file or directory
    9 | #include <ac_nonexistent.h>
      |          ^~~~~~~~~~~~~~~~~~
compilation terminated.
configure:4008: $? = 1
configure: failed program was:
| /* confdefs.h */
| #define PACKAGE_NAME ""
| #define PACKAGE_TARNAME ""
| #define PACKAGE_VERSION ""
| #define PACKAGE_STRING ""
| #define PACKAGE_BUGREPORT ""
| #define PACKAGE_URL ""
| /* end confdefs.h.  */
| #include <ac_nonexistent.h>
configure:4033: result: gcc -E
configure:4053: gcc -E  conftest.c
configure:4053: $? = 0
configure:4067: gcc -E  conftest.c
conftest.c:9:10: fatal error: ac_nonexistent.h: No such file or directory
    9 | #include <ac_nonexistent.h>
      |          ^~~~~~~~~~~~~~~~~~
compilation terminated.
configure:4067: $? = 1
configure: failed program was:
| /* confdefs.h */
| #define PACKAGE_NAME ""
| #define PACKAGE_TARNAME ""
| #define PACKAGE_VERSION ""
| #define PACKAGE_STRING ""
| #define PACKAGE_BUGREPORT ""
| #define PACKAGE_URL ""
| /* end confdefs.h.  */
| #include <ac_nonexistent.h>
configure:4096: checking for grep that handles long lines and -e
configure:4154: result: /usr/bin/grep
configure:4159: checking for egrep
configure:4221: result: /usr/bin/grep -E
configure:4226: checking for ANSI C header files
configure:4246: gcc -c -g -O2      conftest.c >&5
configure:4246: $? = 0
configure:4319: gcc -o conftest -g -O2        conftest.c  >&5
configure:4319: $? = 0
configure:4319: ./conftest
configure:4319: $? = 0
configure:4330: result: yes
configure:4343: checking for sys/types.h
configure:4343: gcc -c -g -O2      conftest.c >&5
configure:4343: $? = 0
configure:4343: result: yes
configure:4343: checking for sys/stat.h
configure:4343: gcc -c -g -O2      conftest.c >&5
configure:4343: $? = 0
configure:4343: result: yes
configure:4343: checking for stdlib.h
configure:4343: gcc -c -g -O2      conftest.c >&5
configure:4343: $? = 0
configure:4343: result: yes
configure:4343: checking for string.h
configure:4343: gcc -c -g -O2      conftest.c >&5
configure:4343: $? = 0
configure:4343: result: yes
configure:4343: checking for memory.h
configure:4343: gcc -c -g -O2      conftest.c >&5
configure:4343: $? = 0
configure:4343: result: yes
configure:4343: checking for strings.h
configure:4343: gcc -c -g -O2      conftest.c >&5
configure:4343: $? = 0
configure:4343: result: yes
configure:4343: checking for inttypes.h
configure:4343: gcc -c -g -O2      conftest.c >&5
configure:4343: $? = 0
configure:4343: result: yes
configure:4343: checking for stdint.h
configure:4343: gcc -c -g -O2      conftest.c >&5
configure:4343: $? = 0
configure:4343: result: yes
configure:4343: checking for unistd.h
configure:4343: gcc -c -g -O2      conftest.c >&5
configure:4343: $? = 0
configure:4343: result: yes
configure:4356: checking minix/config.h usability
configure:4356: gcc -c -g -O2      conftest.c >&5
conftest.c:52:10: fatal error: minix/config.h: No such file or directory
   52 | #include <minix/config.h>
      |          ^~~~~~~~~~~~~~~~
compilation terminated.
configure:4356: $? = 1
configure: failed program was:
| /* confdefs.h */
| #define PACKAGE_NAME ""
| #define PACKAGE_TARNAME ""
| #define PACKAGE_VERSION ""
| #define PACKAGE_STRING ""
| #define PACKAGE_BUGREPORT ""
| #define PACKAGE_URL ""
| #define STDC_HEADERS 1
| #define HAVE_SYS_TYPES_H 1
| #define HAVE_SYS_STAT_H 1
| #define HAVE_STDLIB_H 1
| #define HAVE_STRING_H 1
| #define HAVE_MEMORY_H 1
| #define HAVE_STRINGS_H 1
| #define HAVE_INTTYPES_H 1
| #define HAVE_STDINT_H 1
| #define HAVE_UNISTD_H 1
| /* end confdefs.h.  */
| #include <stdio.h>
| #ifdef HAVE_SYS_TYPES_H
| # include <sys/types.h>
| #endif
| #ifdef HAVE_SYS_STAT_H
| # include <sys/stat.h>
| #endif
| #ifdef STDC_HEADERS
| # include <stdlib.h>
| # include <stddef.h>
| #else
| # ifdef HAVE_STDLIB_H
| #  include <stdlib.h>
| # endif
| #endif
| #ifdef HAVE_STRING_H
| # if !defined STDC_HEADERS && defined HAVE_MEMORY_H
| #  include <memory.h>
| # endif
| # include <string.h>
| #endif
| #ifdef HAVE_STRINGS_H
| # include <strings.h>
| #endif
| #ifdef HAVE_INTTYPES_H
| # include <inttypes.h>
| #endif
| #ifdef HAVE_STDINT_H
| # include <stdint.h>
| #endif
| #ifdef HAVE_UNISTD_H
| # include <unistd.h>
| #endif
| #include <minix/config.h>
configure:4356: result: no
configure:4356: checking minix/config.h presence
configure:4356: gcc -E  conftest.c
conftest.c:19:10: fatal error: minix/config.h: No such file or directory
   19 | #include <minix/config.h>
      |          ^~~~~~~~~~~~~~~~
compilation terminated.
configure:4356: $? = 1
configure: failed program was:
| /* confdefs.h */
| #define PACKAGE_NAME ""
| #define PACKAGE_TARNAME ""
| #define PACKAGE_VERSION ""
| #define PACKAGE_STRING ""
| #define PACKAGE_BUGREPORT ""
| #define PACKAGE_URL ""
| #define STDC_HEADERS 1
| #define HAVE_SYS_TYPES_H 1
| #define HAVE_SYS_STAT_H 1
| #define HAVE_STDLIB_H 1
| #define HAVE_STRING_H 1
| #define HAVE_MEMORY_H 1
| #define HAVE_STRINGS_H 1
| #define HAVE_INTTYPES_H 1
| #define HAVE_STDINT_H 1
| #define HAVE_UNISTD_H 1
| /* end confdefs.h.  */
| #include <minix/config.h>
configure:4356: result: no
configure:4356: checking for minix/config.h
configure:4356: result: no
configure:4377: checking whether it is safe to define __EXTENSIONS__
configure:4395: gcc -c -g -O2      conftest.c >&5
configure:4395: $? = 0
configure:4402: result: yes
configure:4423: checking for special C compiler options needed for large files
configure:4468: result: no
configure:4474: checking for _FILE_OFFSET_BITS value needed for large files
configure:4499: gcc -c -g -O2      conftest.c >&5
configure:4499: $? = 0
configure:4531: result: no
configure:4638: checking whether gcc supports -W
configure:4655: gcc -c -W  conftest.c >&5
configure:4655: $? = 0
configure:4664: result: yes
configure:4638: checking whether gcc supports -Wall
configure:4655: gcc -c -Wall  conftest.c >&5
configure:4655: $? = 0
configure:4664: result: yes
configure:4638: checking whether gcc supports -Wwrite-strings
configure:4655: gcc -c -Wwrite-strings  conftest.c >&5
configure:4655: $? = 0
configure:4664: result: yes
configure:4638: checking whether gcc supports -Wc++-compat
configure:4655: gcc -c -Wc++-compat  conftest.c >&5
configure:4655: $? = 0
configure:4664: result: yes
configure:4638: checking whether gcc supports -Wstrict-prototypes
configure:4655: gcc -c -Wstrict-prototypes  conftest.c >&5
conftest.c:26:1: warning: function declaration isn't a prototype [-Wstrict-prototypes]
   26 | main ()
      | ^~~~
configure:4655: $? = 0
configure:4664: result: yes
configure:4638: checking whether gcc supports -Wshadow=local
configure:4655: gcc -c -Wshadow=local  conftest.c >&5
configure:4655: $? = 0
configure:4664: result: yes
configure:4687: checking whether gcc supports -pedantic 
configure:4705: gcc -c -pedantic   conftest.c >&5
configure:4705: $? = 0
configure:4713: result: yes
configure:4729: checking whether gcc and cc understand -c and -o together
configure:4760: gcc -c conftest.c -o conftest2.o >&5
configure:4764: $? = 0
configure:4770: gcc -c conftest.c -o conftest2.o >&5
configure:4774: $? = 0
configure:4785: cc -c conftest.c >&5
configure:4789: $? = 0
configure:4797: cc -c conftest.c -o conftest2.o >&5
configure:4801: $? = 0
configure:4807: cc -c conftest.c -o conftest2.o >&5
configure:4811: $? = 0
configure:4829: result: yes
configure:4848: checking for an ANSI C-conforming const
configure:4914: gcc -c -g -O2      conftest.c >&5
configure:4914: $? = 0
configure:4921: result: yes
configure:4929: checking for inline
configure:4945: gcc -c -g -O2      conftest.c >&5
configure:4945: $? = 0
configure:4953: result: inline
configure:4971: checking whether byte ordering is bigendian
configure:4986: gcc -c -g -O2      conftest.c >&5
conftest.c:25:16: error: unknown type name 'not'
   25 |                not a universal capable compiler
      |                ^~~
conftest.c:25:22: error: expected '=', ',', ';', 'asm' or '__attribute__' before 'universal'
   25 |                not a universal capable compiler
      |                      ^~~~~~~~~
conftest.c:25:22: error: unknown type name 'universal'
configure:4986: $? = 1
configure: failed program was:
| /* confdefs.h */
| #define PACKAGE_NAME ""
| #define PACKAGE_TARNAME ""
| #define PACKAGE_VERSION ""
| #define PACKAGE_STRING ""
| #define PACKAGE_BUGREPORT ""
| #define PACKAGE_URL ""
| #define STDC_HEADERS 1
| #define HAVE_SYS_TYPES_H 1
| #define HAVE_SYS_STAT_H 1
| #define HAVE_STDLIB_H 1
| #define HAVE_STRING_H 1
| #define HAVE_MEMORY_H 1
| #define HAVE_STRINGS_H 1
| #define HAVE_INTTYPES_H 1
| #define HAVE_STDINT_H 1
| #define HAVE_UNISTD_H 1
| #define __EXTENSIONS__ 1
| #define _ALL_SOURCE 1
| #define _GNU_SOURCE 1
| #define _POSIX_PTHREAD_SEMANTICS 1
| #define _TANDEM_SOURCE 1
| /* end confdefs.h.  */
| #ifndef __APPLE_CC__
| 	       not a universal capable compiler
| 	     #endif
| 	     typedef int dummy;
| 
configure:5031: gcc -c -g -O2      conftest.c >&5
configure:5031: $? = 0
configure:5049: gcc -c -g -O2      conftest.c >&5
conftest.c: In function 'main':
conftest.c:31:18: error: unknown type name 'not'; did you mean 'ino_t'?
   31 |                  not big endian
      |                  ^~~
      |                  ino_t
conftest.c:31:26: error: expected '=', ',', ';', 'asm' or '__attribute__' before 'endian'
   31 |                  not big endian
      |                          ^~~~~~
configure:5049: $? = 1
configure: failed program was:
| /* confdefs.h */
| #define PACKAGE_NAME ""
| #define PACKAGE_TARNAME ""
| #define PACKAGE_VERSION ""
| #define PACKAGE_STRING ""
| #define PACKAGE_BUGREPORT ""
| #define PACKAGE_URL ""
| #define STDC_HEADERS 1
| #define HAVE_SYS_TYPES_H 1
| #define HAVE_SYS_STAT_H 1
| #define HAVE_STDLIB_H 1
| #define HAVE_STRING_H 1
| #define HAVE_MEMORY_H 1
| #define HAVE_STRINGS_H 1
| #define HAVE_INTTYPES_H 1
| #define HAVE_STDINT_H 1
| #define HAVE_UNISTD_H 1
| #define __EXTENSIONS__ 1
| #define _ALL_SOURCE 1
| #define _GNU_SOURCE 1
| #define _POSIX_PTHREAD_SEMANTICS 1
| #define _TANDEM_SOURCE 1
| /* end confdefs.h.  */
| #include <sys/types.h>
| 		#include <sys/param.h>
| 
| int
| main ()
| {
| #if BYTE_ORDER != BIG_ENDIAN
| 		 not big endian
| 		#endif
| 
|   ;
|   return 0;
| }
configure:5177: result: no
configure:5216: checking for a BSD-compatible install
configure:5284: result: /usr/bin/install -c
configure:5437: checking for CET support
configure:5466: gcc -c -g -O2     -fcf-protection  conftest.c >&5
configure:5466: $? = 0
configure:5535: gcc -o conftest -g -O2     -fcf-protection=none    -Wl,-z,ibt,-z,shstk conftest.c  >&5
configure:5535: $? = 0
configure:5563: gcc -o conftest -g -O2     -fcf-protection=none    -Wl,-z,ibt,-z,shstk conftest.c  >&5
configure:5563: $? = 0
configure:5563: ./conftest
configure:5563: $? = 0
configure:5610: gcc -o conftest -g -O2     -fcf-protection=none    -Wl,-z,ibt,-z,shstk conftest.c  >&5
configure:5610: $? = 0
configure:5610: ./conftest
configure:5610: $? = 0
configure:5631: result: yes
configure:5642: checking target system type
configure:5655: result: x86_64-pc-linux-gnu
configure:5751: checking for sys/file.h
configure:5751: gcc -E  conftest.c
configure:5751: $? = 0
configure:5751: result: yes
configure:5751: checking for sys/param.h
configure:5751: gcc -E  conftest.c
configure:5751: $? = 0
configure:5751: result: yes
configure:5751: checking for limits.h
configure:5751: gcc -E  conftest.c
configure:5751: $? = 0
configure:5751: result: yes
configure:5751: checking for stdlib.h
configure:5751: result: yes
configure:5751: checking for malloc.h
configure:5751: gcc -E  conftest.c
configure:5751: $? = 0
configure:5751: result: yes
configure:5751: checking for string.h
configure:5751: result: yes
configure:5751: checking for unistd.h
configure:5751: result: yes
configure:5751: checking for strings.h
configure:5751: result: yes
configure:5751: checking for sys/time.h
configure:5751: gcc -E  conftest.c
configure:5751: $? = 0
configure:5751: result: yes
configure:5751: checking for time.h
configure:5751: gcc -E  conftest.c
configure:5751: $? = 0
configure:5751: result: yes
configure:5751: checking for sys/resource.h
configure:5751: gcc -E  conftest.c
configure:5751: $? = 0
configure:5751: result: yes
configure:5751: checking for sys/stat.h
configure:5751: result: yes
configure:5751: checking for sys/mman.h
configure:5751: gcc -E  conftest.c
configure:5751: $? = 0
configure:5751: result: yes
configure:5751: checking for fcntl.h
configure:5751: gcc -E  conftest.c
configure:5751: $? = 0
configure:5751: result: yes
configure:5751: checking for alloca.h
configure:5751: gcc -E  conftest.c
configure:5751: $? = 0
configure:5751: result: yes
configure:5751: checking for sys/pstat.h
configure:5751: gcc -E  conftest.c
conftest.c:39:10: fatal error: sys/pstat.h: No such file or directory
   39 | #include <sys/pstat.h>
      |          ^~~~~~~~~~~~~
compilation terminated.
configure:5751: $? = 1
configure: failed program was:
| /* confdefs.h */
| #define PACKAGE_NAME ""
| #define PACKAGE_TARNAME ""
| #define PACKAGE_VERSION ""
| #define PACKAGE_STRING ""
| #define PACKAGE_BUGREPORT ""
| #define PACKAGE_URL ""
| #define STDC_HEADERS 1
| #define HAVE_SYS_TYPES_H 1
| #define HAVE_SYS_STAT_H 1
| #define HAVE_STDLIB_H 1
| #define HAVE_STRING_H 1
| #define HAVE_MEMORY_H 1
| #define HAVE_STRINGS_H 1
| #define HAVE_INTTYPES_H 1
| #define HAVE_STDINT_H 1
| #define HAVE_UNISTD_H 1
| #define __EXTENSIONS__ 1
| #define _ALL_SOURCE 1
| #define _GNU_SOURCE 1
| #define _POSIX_PTHREAD_SEMANTICS 1
| #define _TANDEM_SOURCE 1
| #define HAVE_SYS_FILE_H 1
| #define HAVE_SYS_PARAM_H 1
| #define HAVE_LIMITS_H 1
| #define HAVE_STDLIB_H 1
| #define HAVE_MALLOC_H 1
| #define HAVE_STRING_H 1
| #define HAVE_UNISTD_H 1
| #define HAVE_STRINGS_H 1
| #define HAVE_SYS_TIME_H 1
| #define HAVE_TIME_H 1
| #define HAVE_SYS_RESOURCE_H 1
| #define HAVE_SYS_STAT_H 1
| #define HAVE_SYS_MMAN_H 1
| #define HAVE_FCNTL_H 1
| #define HAVE_ALLOCA_H 1
| /* end confdefs.h.  */
| #include <sys/pstat.h>
configure:5751: result: no
configure:5751: checking for sys/sysmp.h
configure:5751: gcc -E  conftest.c
conftest.c:39:10: fatal error: sys/sysmp.h: No such file or directory
   39 | #include <sys/sysmp.h>
      |          ^~~~~~~~~~~~~
compilation terminated.
configure:5751: $? = 1
configure: failed program was:
| /* confdefs.h */
| #define PACKAGE_NAME ""
| #define PACKAGE_TARNAME ""
| #define PACKAGE_VERSION ""
| #define PACKAGE_STRING ""
| #define PACKAGE_BUGREPORT ""
| #define PACKAGE_URL ""
| #define STDC_HEADERS 1
| #define HAVE_SYS_TYPES_H 1
| #define HAVE_SYS_STAT_H 1
| #define HAVE_STDLIB_H 1
| #define HAVE_STRING_H 1
| #define HAVE_MEMORY_H 1
| #define HAVE_STRINGS_H 1
| #define HAVE_INTTYPES_H 1
| #define HAVE_STDINT_H 1
| #define HAVE_UNISTD_H 1
| #define __EXTENSIONS__ 1
| #define _ALL_SOURCE 1
| #define _GNU_SOURCE 1
| #define _POSIX_PTHREAD_SEMANTICS 1
| #define _TANDEM_SOURCE 1
| #define HAVE_SYS_FILE_H 1
| #define HAVE_SYS_PARAM_H 1
| #define HAVE_LIMITS_H 1
| #define HAVE_STDLIB_H 1
| #define HAVE_MALLOC_H 1
| #define HAVE_STRING_H 1
| #define HAVE_UNISTD_H 1
| #define HAVE_STRINGS_H 1
| #define HAVE_SYS_TIME_H 1
| #define HAVE_TIME_H 1
| #define HAVE_SYS_RESOURCE_H 1
| #define HAVE_SYS_STAT_H 1
| #define HAVE_SYS_MMAN_H 1
| #define HAVE_FCNTL_H 1
| #define HAVE_ALLOCA_H 1
| /* end confdefs.h.  */
| #include <sys/sysmp.h>
configure:5751: result: no
configure:5751: checking for sys/sysinfo.h
configure:5751: gcc -E  conftest.c
configure:5751: $? = 0
configure:5751: result: yes
configure:5751: checking for machine/hal_sysinfo.h
configure:5751: gcc -E  conftest.c
conftest.c:40:10: fatal error: machine/hal_sysinfo.h: No such file or directory
   40 | #include <machine/hal_sysinfo.h>
      |          ^~~~~~~~~~~~~~~~~~~~~~~
compilation terminated.
configure:5751: $? = 1
configure: failed program was:
| /* confdefs.h */
| #define PACKAGE_NAME ""
| #define PACKAGE_TARNAME ""
| #define PACKAGE_VERSION ""
| #define PACKAGE_STRING ""
| #define PACKAGE_BUGREPORT ""
| #define PACKAGE_URL ""
| #define STDC_HEADERS 1
| #define HAVE_SYS_TYPES_H 1
| #define HAVE_SYS_STAT_H 1
| #define HAVE_STDLIB_H 1
| #define HAVE_STRING_H 1
| #define HAVE_MEMORY_H 1
| #define HAVE_STRINGS_H 1
| #define HAVE_INTTYPES_H 1
| #define HAVE_STDINT_H 1
| #define HAVE_UNISTD_H 1
| #define __EXTENSIONS__ 1
| #define _ALL_SOURCE 1
| #define _GNU_SOURCE 1
| #define _POSIX_PTHREAD_SEMANTICS 1
| #define _TANDEM_SOURCE 1
| #define HAVE_SYS_FILE_H 1
| #define HAVE_SYS_PARAM_H 1
| #define HAVE_LIMITS_H 1
| #define HAVE_STDLIB_H 1
| #define HAVE_MALLOC_H 1
| #define HAVE_STRING_H 1
| #define HAVE_UNISTD_H 1
| #define HAVE_STRINGS_H 1
| #define HAVE_SYS_TIME_H 1
| #define HAVE_TIME_H 1
| #define HAVE_SYS_RESOURCE_H 1
| #define HAVE_SYS_STAT_H 1
| #define HAVE_SYS_MMAN_H 1
| #define HAVE_FCNTL_H 1
| #define HAVE_ALLOCA_H 1
| #define HAVE_SYS_SYSINFO_H 1
| /* end confdefs.h.  */
| #include <machine/hal_sysinfo.h>
configure:5751: result: no
configure:5751: checking for sys/table.h
configure:5751: gcc -E  conftest.c
conftest.c:40:10: fatal error: sys/table.h: No such file or directory
   40 | #include <sys/table.h>
      |          ^~~~~~~~~~~~~
compilation terminated.
configure:5751: $? = 1
configure: failed program was:
| /* confdefs.h */
| #define PACKAGE_NAME ""
| #define PACKAGE_TARNAME ""
| #define PACKAGE_VERSION ""
| #define PACKAGE_STRING ""
| #define PACKAGE_BUGREPORT ""
| #define PACKAGE_URL ""
| #define STDC_HEADERS 1
| #define HAVE_SYS_TYPES_H 1
| #define HAVE_SYS_STAT_H 1
| #define HAVE_STDLIB_H 1
| #define HAVE_STRING_H 1
| #define HAVE_MEMORY_H 1
| #define HAVE_STRINGS_H 1
| #define HAVE_INTTYPES_H 1
| #define HAVE_STDINT_H 1
| #define HAVE_UNISTD_H 1
| #define __EXTENSIONS__ 1
| #define _ALL_SOURCE 1
| #define _GNU_SOURCE 1
| #define _POSIX_PTHREAD_SEMANTICS 1
| #define _TANDEM_SOURCE 1
| #define HAVE_SYS_FILE_H 1
| #define HAVE_SYS_PARAM_H 1
| #define HAVE_LIMITS_H 1
| #define HAVE_STDLIB_H 1
| #define HAVE_MALLOC_H 1
| #define HAVE_STRING_H 1
| #define HAVE_UNISTD_H 1
| #define HAVE_STRINGS_H 1
| #define HAVE_SYS_TIME_H 1
| #define HAVE_TIME_H 1
| #define HAVE_SYS_RESOURCE_H 1
| #define HAVE_SYS_STAT_H 1
| #define HAVE_SYS_MMAN_H 1
| #define HAVE_FCNTL_H 1
| #define HAVE_ALLOCA_H 1
| #define HAVE_SYS_SYSINFO_H 1
| /* end confdefs.h.  */
| #include <sys/table.h>
configure:5751: result: no
configure:5751: checking for sys/sysctl.h
configure:5751: gcc -E  conftest.c
conftest.c:40:10: fatal error: sys/sysctl.h: No such file or directory
   40 | #include <sys/sysctl.h>
      |          ^~~~~~~~~~~~~~
compilation terminated.
configure:5751: $? = 1
configure: failed program was:
| /* confdefs.h */
| #define PACKAGE_NAME ""
| #define PACKAGE_TARNAME ""
| #define PACKAGE_VERSION ""
| #define PACKAGE_STRING ""
| #define PACKAGE_BUGREPORT ""
| #define PACKAGE_URL ""
| #define STDC_HEADERS 1
| #define HAVE_SYS_TYPES_H 1
| #define HAVE_SYS_STAT_H 1
| #define HAVE_STDLIB_H 1
| #define HAVE_STRING_H 1
| #define HAVE_MEMORY_H 1
| #define HAVE_STRINGS_H 1
| #define HAVE_INTTYPES_H 1
| #define HAVE_STDINT_H 1
| #define HAVE_UNISTD_H 1
| #define __EXTENSIONS__ 1
| #define _ALL_SOURCE 1
| #define _GNU_SOURCE 1
| #define _POSIX_PTHREAD_SEMANTICS 1
| #define _TANDEM_SOURCE 1
| #define HAVE_SYS_FILE_H 1
| #define HAVE_SYS_PARAM_H 1
| #define HAVE_LIMITS_H 1
| #define HAVE_STDLIB_H 1
| #define HAVE_MALLOC_H 1
| #define HAVE_STRING_H 1
| #define HAVE_UNISTD_H 1
| #define HAVE_STRINGS_H 1
| #define HAVE_SYS_TIME_H 1
| #define HAVE_TIME_H 1
| #define HAVE_SYS_RESOURCE_H 1
| #define HAVE_SYS_STAT_H 1
| #define HAVE_SYS_MMAN_H 1
| #define HAVE_FCNTL_H 1
| #define HAVE_ALLOCA_H 1
| #define HAVE_SYS_SYSINFO_H 1
| /* end confdefs.h.  */
| #include <sys/sysctl.h>
configure:5751: result: no
configure:5751: checking for sys/systemcfg.h
configure:5751: gcc -E  conftest.c
conftest.c:40:10: fatal error: sys/systemcfg.h: No such file or directory
   40 | #include <sys/systemcfg.h>
      |          ^~~~~~~~~~~~~~~~~
compilation terminated.
configure:5751: $? = 1
configure: failed program was:
| /* confdefs.h */
| #define PACKAGE_NAME ""
| #define PACKAGE_TARNAME ""
| #define PACKAGE_VERSION ""
| #define PACKAGE_STRING ""
| #define PACKAGE_BUGREPORT ""
| #define PACKAGE_URL ""
| #define STDC_HEADERS 1
| #define HAVE_SYS_TYPES_H 1
| #define HAVE_SYS_STAT_H 1
| #define HAVE_STDLIB_H 1
| #define HAVE_STRING_H 1
| #define HAVE_MEMORY_H 1
| #define HAVE_STRINGS_H 1
| #define HAVE_INTTYPES_H 1
| #define HAVE_STDINT_H 1
| #define HAVE_UNISTD_H 1
| #define __EXTENSIONS__ 1
| #define _ALL_SOURCE 1
| #define _GNU_SOURCE 1
| #define _POSIX_PTHREAD_SEMANTICS 1
| #define _TANDEM_SOURCE 1
| #define HAVE_SYS_FILE_H 1
| #define HAVE_SYS_PARAM_H 1
| #define HAVE_LIMITS_H 1
| #define HAVE_STDLIB_H 1
| #define HAVE_MALLOC_H 1
| #define HAVE_STRING_H 1
| #define HAVE_UNISTD_H 1
| #define HAVE_STRINGS_H 1
| #define HAVE_SYS_TIME_H 1
| #define HAVE_TIME_H 1
| #define HAVE_SYS_RESOURCE_H 1
| #define HAVE_SYS_STAT_H 1
| #define HAVE_SYS_MMAN_H 1
| #define HAVE_FCNTL_H 1
| #define HAVE_ALLOCA_H 1
| #define HAVE_SYS_SYSINFO_H 1
| /* end confdefs.h.  */
| #include <sys/systemcfg.h>
configure:5751: result: no
configure:5751: checking for stdint.h
configure:5751: result: yes
configure:5751: checking for stdio_ext.h
configure:5751: gcc -E  conftest.c
configure:5751: $? = 0
configure:5751: result: yes
configure:5751: checking for process.h
configure:5751: gcc -E  conftest.c
conftest.c:42:10: fatal error: process.h: No such file or directory
   42 | #include <process.h>
      |          ^~~~~~~~~~~
compilation terminated.
configure:5751: $? = 1
configure: failed program was:
| /* confdefs.h */
| #define PACKAGE_NAME ""
| #define PACKAGE_TARNAME ""
| #define PACKAGE_VERSION ""
| #define PACKAGE_STRING ""
| #define PACKAGE_BUGREPORT ""
| #define PACKAGE_URL ""
| #define STDC_HEADERS 1
| #define HAVE_SYS_TYPES_H 1
| #define HAVE_SYS_STAT_H 1
| #define HAVE_STDLIB_H 1
| #define HAVE_STRING_H 1
| #define HAVE_MEMORY_H 1
| #define HAVE_STRINGS_H 1
| #define HAVE_INTTYPES_H 1
| #define HAVE_STDINT_H 1
| #define HAVE_UNISTD_H 1
| #define __EXTENSIONS__ 1
| #define _ALL_SOURCE 1
| #define _GNU_SOURCE 1
| #define _POSIX_PTHREAD_SEMANTICS 1
| #define _TANDEM_SOURCE 1
| #define HAVE_SYS_FILE_H 1
| #define HAVE_SYS_PARAM_H 1
| #define HAVE_LIMITS_H 1
| #define HAVE_STDLIB_H 1
| #define HAVE_MALLOC_H 1
| #define HAVE_STRING_H 1
| #define HAVE_UNISTD_H 1
| #define HAVE_STRINGS_H 1
| #define HAVE_SYS_TIME_H 1
| #define HAVE_TIME_H 1
| #define HAVE_SYS_RESOURCE_H 1
| #define HAVE_SYS_STAT_H 1
| #define HAVE_SYS_MMAN_H 1
| #define HAVE_FCNTL_H 1
| #define HAVE_ALLOCA_H 1
| #define HAVE_SYS_SYSINFO_H 1
| #define HAVE_STDINT_H 1
| #define HAVE_STDIO_EXT_H 1
| /* end confdefs.h.  */
| #include <process.h>
configure:5751: result: no
configure:5751: checking for sys/prctl.h
configure:5751: gcc -E  conftest.c
configure:5751: $? = 0
configure:5751: result: yes
configure:5751: checking for spawn.h
configure:5751: gcc -E  conftest.c
configure:5751: $? = 0
configure:5751: result: yes
configure:5751: checking for libgen.h
configure:5751: gcc -E  conftest.c
configure:5751: $? = 0
configure:5751: result: yes
configure:5760: checking for sys/wait.h that is POSIX.1 compatible
configure:5786: gcc -c -g -O2      conftest.c >&5
configure:5786: $? = 0
configure:5793: result: yes
configure:5801: checking whether time.h and sys/time.h may both be included
configure:5821: gcc -c -g -O2      conftest.c >&5
configure:5821: $? = 0
configure:5828: result: yes
configure:5837: checking whether errno must be declared
configure:5853: gcc -c -g -O2      conftest.c >&5
configure:5853: $? = 0
configure:5860: result: no
configure:5874: checking size of int
configure:5879: gcc -o conftest -g -O2        conftest.c  >&5
configure:5879: $? = 0
configure:5879: ./conftest
configure:5879: $? = 0
configure:5893: result: 4
configure:5907: checking size of long
configure:5912: gcc -o conftest -g -O2        conftest.c  >&5
configure:5912: $? = 0
configure:5912: ./conftest
configure:5912: $? = 0
configure:5926: result: 8
configure:5940: checking size of size_t
configure:5945: gcc -o conftest -g -O2        conftest.c  >&5
configure:5945: $? = 0
configure:5945: ./conftest
configure:5945: $? = 0
configure:5959: result: 8
configure:5971: checking for long long
configure:5971: gcc -c -g -O2      conftest.c >&5

## ---------------- ##
## Cache variables. ##
## ---------------- ##

ac_cv_build=x86_64-pc-linux-gnu
ac_cv_c_bigendian=no
ac_cv_c_compiler_gnu=yes
ac_cv_c_const=yes
ac_cv_c_inline=inline
ac_cv_env_CC_set=set
ac_cv_env_CC_value=gcc
ac_cv_env_CFLAGS_set=set
ac_cv_env_CFLAGS_value='-g -O2    '
ac_cv_env_CPPFLAGS_set=
ac_cv_env_CPPFLAGS_value=
ac_cv_env_CPP_set=
ac_cv_env_CPP_value=
ac_cv_env_LDFLAGS_set=set
ac_cv_env_LDFLAGS_value=' '
ac_cv_env_LIBS_set=
ac_cv_env_LIBS_value=
ac_cv_env_build_alias_set=set
ac_cv_env_build_alias_value=x86_64-pc-linux-gnu
ac_cv_env_host_alias_set=set
ac_cv_env_host_alias_value=x86_64-pc-linux-gnu
ac_cv_env_target_alias_set=set
ac_cv_env_target_alias_value=x86_64-pc-linux-gnu
ac_cv_header_alloca_h=yes
ac_cv_header_fcntl_h=yes
ac_cv_header_inttypes_h=yes
ac_cv_header_libgen_h=yes
ac_cv_header_limits_h=yes
ac_cv_header_machine_hal_sysinfo_h=no
ac_cv_header_malloc_h=yes
ac_cv_header_memory_h=yes
ac_cv_header_minix_config_h=no
ac_cv_header_process_h=no
ac_cv_header_spawn_h=yes
ac_cv_header_stdc=yes
ac_cv_header_stdint_h=yes
ac_cv_header_stdio_ext_h=yes
ac_cv_header_stdlib_h=yes
ac_cv_header_string_h=yes
ac_cv_header_strings_h=yes
ac_cv_header_sys_file_h=yes
ac_cv_header_sys_mman_h=yes
ac_cv_header_sys_param_h=yes
ac_cv_header_sys_prctl_h=yes
ac_cv_header_sys_pstat_h=no
ac_cv_header_sys_resource_h=yes
ac_cv_header_sys_stat_h=yes
ac_cv_header_sys_sysctl_h=no
ac_cv_header_sys_sysinfo_h=yes
ac_cv_header_sys_sysmp_h=no
ac_cv_header_sys_systemcfg_h=no
ac_cv_header_sys_table_h=no
ac_cv_header_sys_time_h=yes
ac_cv_header_sys_types_h=yes
ac_cv_header_sys_wait_h=yes
ac_cv_header_time=yes
ac_cv_header_time_h=yes
ac_cv_header_unistd_h=yes
ac_cv_host=x86_64-pc-linux-gnu
ac_cv_objext=o
ac_cv_path_EGREP='/usr/bin/grep -E'
ac_cv_path_GREP=/usr/bin/grep
ac_cv_prog_AR='ar --plugin /usr/libexec/gcc/x86_64-linux-gnu/14/liblto_plugin.so'
ac_cv_prog_CC=gcc
ac_cv_prog_CPP='gcc -E'
ac_cv_prog_MAKEINFO='/home/liv/Projects/ChoccyNix/autotar/source/binutils/binutils-2.45/missing makeinfo --split-size=5000000'
ac_cv_prog_PERL=perl
ac_cv_prog_RANLIB='ranlib --plugin /usr/libexec/gcc/x86_64-linux-gnu/14/liblto_plugin.so'
ac_cv_prog_cc_c89=
ac_cv_prog_cc_g=yes
ac_cv_prog_cc_gcc_c_o=yes
ac_cv_safe_to_define___extensions__=yes
ac_cv_sizeof_int=4
ac_cv_sizeof_long=8
ac_cv_sizeof_size_t=8
ac_cv_sys_file_offset_bits=no
ac_cv_sys_largefile_CC=no
ac_cv_target=x86_64-pc-linux-gnu
ac_cv_type_long_long=no
acx_cv_prog_cc_pedantic_=yes
acx_cv_prog_cc_warning__W=yes
acx_cv_prog_cc_warning__Wall=yes
acx_cv_prog_cc_warning__Wcpp_compat=yes
acx_cv_prog_cc_warning__Wshadow_local=yes
acx_cv_prog_cc_warning__Wstrict_prototypes=yes
acx_cv_prog_cc_warning__Wwrite_strings=yes
libiberty_cv_declare_errno=no

## ----------------- ##
## Output variables. ##
## ----------------- ##

AR='ar --plugin /usr/libexec/gcc/x86_64-linux-gnu/14/liblto_plugin.so'
AR_PLUGIN_OPTION='--plugin /usr/libexec/gcc/x86_64-linux-gnu/14/liblto_plugin.so'
BUILD_INFO=''
CC='gcc'
CET_HOST_FLAGS='-fcf-protection'
CFLAGS='-g -O2    '
CHECK=''
CPP='gcc -E'
CPPFLAGS=''
DEFS=''
ECHO_C=''
ECHO_N='-n'
ECHO_T=''
EGREP='/usr/bin/grep -E'
ETAGS='etags'
EXEEXT=''
GREP='/usr/bin/grep'
HAVE_PERL=''
HWCAP_CFLAGS=''
INSTALL_DATA='/usr/bin/install -c -m 644'
INSTALL_DEST=''
INSTALL_PROGRAM='/usr/bin/install -c'
INSTALL_SCRIPT='/usr/bin/install -c'
LDFLAGS=' '
LIBOBJS=''
LIBS=''
LTLIBOBJS=''
MAINT='#'
MAKEINFO='/home/liv/Projects/ChoccyNix/autotar/source/binutils/binutils-2.45/missing makeinfo --split-size=5000000'
NOASANFLAG=''
NOTMAINT=''
NO_MINUS_C_MINUS_O=''
OBJEXT='o'
OUTPUT_OPTION='-o $@'
PACKAGE_BUGREPORT=''
PACKAGE_NAME=''
PACKAGE_STRING=''
PACKAGE_TARNAME=''
PACKAGE_URL=''
PACKAGE_VERSION=''
PATH_SEPARATOR=':'
PERL='perl'
PICFLAG='-fpic'
RANLIB='ranlib --plugin /usr/libexec/gcc/x86_64-linux-gnu/14/liblto_plugin.so'
RANLIB_PLUGIN_OPTION='--plugin /usr/libexec/gcc/x86_64-linux-gnu/14/liblto_plugin.so'
SHELL='/bin/bash'
ac_ct_CC=''
ac_libiberty_warn_cflags='-W -Wall -Wwrite-strings -Wc++-compat -Wstrict-prototypes -Wshadow=local -pedantic '
bindir='${exec_prefix}/bin'
build='x86_64-pc-linux-gnu'
build_alias='x86_64-pc-linux-gnu'
build_cpu='x86_64'
build_os='linux-gnu'
build_vendor='pc'
datadir='${datarootdir}'
datarootdir='${prefix}/share'
docdir='${datarootdir}/doc/${PACKAGE}'
dvidir='${docdir}'
exec_prefix='NONE'
host='x86_64-pc-linux-gnu'
host_alias='x86_64-pc-linux-gnu'
host_cpu='x86_64'
host_os='linux-gnu'
host_vendor='pc'
htmldir='${docdir}'
includedir='${prefix}/include'
infodir='${datarootdir}/info'
libdir='/usr/lib'
libexecdir='${exec_prefix}/libexec'
libiberty_topdir='../../libiberty/..'
localedir='${datarootdir}/locale'
localstatedir='${prefix}/var'
mandir='${datarootdir}/man'
oldincludedir='/usr/include'
pdfdir='${docdir}'
pexecute=''
prefix='/usr'
program_transform_name='s,y,y,'
psdir='${docdir}'
sbindir='${exec_prefix}/sbin'
sharedstatedir='${prefix}/com'
sysconfdir='${prefix}/etc'
target='x86_64-pc-linux-gnu'
target_alias='x86_64-pc-linux-gnu'
target_cpu='x86_64'
target_header_dir=''
target_os='linux-gnu'
target_vendor='pc'

## ------------------- ##
## File substitutions. ##
## ------------------- ##

host_makefile_frag='xhost-mkfrag'

## ----------- ##
## confdefs.h. ##
## ----------- ##

/* confdefs.h */
#define PACKAGE_NAME ""
#define PACKAGE_TARNAME ""
#define PACKAGE_VERSION ""
#define PACKAGE_STRING ""
#define PACKAGE_BUGREPORT ""
#define PACKAGE_URL ""
#define STDC_HEADERS 1
#define HAVE_SYS_TYPES_H 1
#define HAVE_SYS_STAT_H 1
#define HAVE_STDLIB_H 1
#define HAVE_STRING_H 1
#define HAVE_MEMORY_H 1
#define HAVE_STRINGS_H 1
#define HAVE_INTTYPES_H 1
#define HAVE_STDINT_H 1
#define HAVE_UNISTD_H 1
#define __EXTENSIONS__ 1
#define _ALL_SOURCE 1
#define _GNU_SOURCE 1
#define _POSIX_PTHREAD_SEMANTICS 1
#define _TANDEM_SOURCE 1
#define HAVE_SYS_FILE_H 1
#define HAVE_SYS_PARAM_H 1
#define HAVE_LIMITS_H 1
#define HAVE_STDLIB_H 1
#define HAVE_MALLOC_H 1
#define HAVE_STRING_H 1
#define HAVE_UNISTD_H 1
#define HAVE_STRINGS_H 1
#define HAVE_SYS_TIME_H 1
#define HAVE_TIME_H 1
#define HAVE_SYS_RESOURCE_H 1
#define HAVE_SYS_STAT_H 1
#define HAVE_SYS_MMAN_H 1
#define HAVE_FCNTL_H 1
#define HAVE_ALLOCA_H 1
#define HAVE_SYS_SYSINFO_H 1
#define HAVE_STDINT_H 1
#define HAVE_STDIO_EXT_H 1
#define HAVE_SYS_PRCTL_H 1
#define HAVE_SPAWN_H 1
#define HAVE_LIBGEN_H 1
#define HAVE_SYS_WAIT_H 1
#define TIME_WITH_SYS_TIME 1
#define SIZEOF_INT 4
#define SIZEOF_LONG 8
#define SIZEOF_SIZE_T 8

configure: caught signal 2
configure: exit 1
