This file contains any messages produced by compilers while
running configure, to aid debugging if configure makes a mistake.

It was created by gprof configure 2.45, which was
generated by GNU Autoconf 2.69.  Invocation command line was

  $ /home/liv/Projects/ChoccyNix/autotar/source/binutils/binutils-2.45/gprof/configure --srcdir=../../gprof --cache-file=./config.cache --with-gnu-as --with-gnu-ld --prefix=/usr --libdir=/usr/lib --enable-shared --disable-multilib --disable-nls --disable-werror --program-transform-name=s,y,y, --disable-option-checking --disable-year2038 --build=x86_64-pc-linux-gnu --host=x86_64-pc-linux-gnu --target=x86_64-pc-linux-gnu

## --------- ##
## Platform. ##
## --------- ##

hostname = snekbian
uname -m = x86_64
uname -r = 6.12.41+deb13-amd64
uname -s = Linux
uname -v = #1 SMP PREEMPT_DYNAMIC Debian 6.12.41-1 (2025-08-12)

/usr/bin/uname -p = unknown
/bin/uname -X     = unknown

/bin/arch              = x86_64
/usr/bin/arch -k       = unknown
/usr/convex/getsysinfo = unknown
/usr/bin/hostinfo      = unknown
/bin/machine           = unknown
/usr/bin/oslevel       = unknown
/bin/universe          = unknown

PATH: /tmp/choccynix/tools/bin
PATH: /usr/bin


## ----------- ##
## Core tests. ##
## ----------- ##

configure:2184: creating cache ./config.cache
configure:2296: checking build system type
configure:2310: result: x86_64-pc-linux-gnu
configure:2330: checking host system type
configure:2343: result: x86_64-pc-linux-gnu
configure:2363: checking target system type
configure:2376: result: x86_64-pc-linux-gnu
configure:2419: checking for a BSD-compatible install
configure:2487: result: /usr/bin/install -c
configure:2498: checking whether build environment is sane
configure:2553: result: yes
configure:2704: checking for a thread-safe mkdir -p
configure:2743: result: /usr/bin/mkdir -p
configure:2750: checking for gawk
configure:2777: result: mawk
configure:2788: checking whether make sets $(MAKE)
configure:2810: result: yes
configure:2839: checking whether make supports nested variables
configure:2856: result: yes
configure:2993: checking whether make supports nested variables
configure:3010: result: yes
configure:3033: checking for x86_64-pc-linux-gnu-gcc
configure:3060: result: gcc
configure:3329: checking for C compiler version
configure:3338: gcc --version >&5
gcc (Debian 14.2.0-19) 14.2.0
Copyright (C) 2024 Free Software Foundation, Inc.
This is free software; see the source for copying conditions.  There is NO
warranty; not even for MERCHANTABILITY or FITNESS FOR A PARTICULAR PURPOSE.

configure:3349: $? = 0
configure:3338: gcc -v >&5
Using built-in specs.
COLLECT_GCC=gcc
COLLECT_LTO_WRAPPER=/usr/libexec/gcc/x86_64-linux-gnu/14/lto-wrapper
OFFLOAD_TARGET_NAMES=nvptx-none:amdgcn-amdhsa
OFFLOAD_TARGET_DEFAULT=1
Target: x86_64-linux-gnu
Configured with: ../src/configure -v --with-pkgversion='Debian 14.2.0-19' --with-bugurl=file:///usr/share/doc/gcc-14/README.Bugs --enable-languages=c,ada,c++,go,d,fortran,objc,obj-c++,m2,rust --prefix=/usr --with-gcc-major-version-only --program-suffix=-14 --program-prefix=x86_64-linux-gnu- --enable-shared --enable-linker-build-id --libexecdir=/usr/libexec --without-included-gettext --enable-threads=posix --libdir=/usr/lib --enable-nls --enable-bootstrap --enable-clocale=gnu --enable-libstdcxx-debug --enable-libstdcxx-time=yes --with-default-libstdcxx-abi=new --enable-libstdcxx-backtrace --enable-gnu-unique-object --disable-vtable-verify --enable-plugin --enable-default-pie --with-system-zlib --enable-libphobos-checking=release --with-target-system-zlib=auto --enable-objc-gc=auto --enable-multiarch --disable-werror --enable-cet --with-arch-32=i686 --with-abi=m64 --with-multilib-list=m32,m64,mx32 --enable-multilib --with-tune=generic --enable-offload-targets=nvptx-none=/build/reproducible-path/gcc-14-14.2.0/debian/tmp-nvptx/usr,amdgcn-amdhsa=/build/reproducible-path/gcc-14-14.2.0/debian/tmp-gcn/usr --enable-offload-defaulted --without-cuda-driver --enable-checking=release --build=x86_64-linux-gnu --host=x86_64-linux-gnu --target=x86_64-linux-gnu --with-build-config=bootstrap-lto-lean --enable-link-serialization=3
Thread model: posix
Supported LTO compression algorithms: zlib zstd
gcc version 14.2.0 (Debian 14.2.0-19) 
... rest of stderr output deleted ...
configure:3349: $? = 0
configure:3338: gcc -V >&5
gcc: error: unrecognized command-line option '-V'
gcc: fatal error: no input files
compilation terminated.
configure:3349: $? = 1
configure:3338: gcc -qversion >&5
gcc: error: unrecognized command-line option '-qversion'; did you mean '--version'?
gcc: fatal error: no input files
compilation terminated.
configure:3349: $? = 1
configure:3369: checking whether the C compiler works
configure:3391: gcc -g -O2        conftest.c  >&5
configure:3395: $? = 0
configure:3443: result: yes
configure:3446: checking for C compiler default output file name
configure:3448: result: a.out
configure:3454: checking for suffix of executables
configure:3461: gcc -o conftest -g -O2        conftest.c  >&5
configure:3465: $? = 0
configure:3487: result: 
configure:3509: checking whether we are cross compiling
configure:3517: gcc -o conftest -g -O2        conftest.c  >&5
configure:3521: $? = 0
configure:3528: ./conftest
configure:3532: $? = 0
configure:3547: result: no
configure:3552: checking for suffix of object files
configure:3574: gcc -c -g -O2      conftest.c >&5
configure:3578: $? = 0
configure:3599: result: o
configure:3603: checking whether we are using the GNU C compiler
configure:3622: gcc -c -g -O2      conftest.c >&5
configure:3622: $? = 0
configure:3631: result: yes
configure:3640: checking whether gcc accepts -g
configure:3660: gcc -c -g  conftest.c >&5
configure:3660: $? = 0
configure:3701: result: yes
configure:3718: checking for gcc option to accept ISO C89
configure:3781: gcc  -c -g -O2      conftest.c >&5
configure:3781: $? = 0
configure:3794: result: none needed
configure:3819: checking whether gcc understands -c and -o together
configure:3841: gcc -c conftest.c -o conftest2.o
configure:3844: $? = 0
configure:3841: gcc -c conftest.c -o conftest2.o
configure:3844: $? = 0
configure:3856: result: yes
configure:3884: checking for style of include used by make
configure:3912: result: GNU
configure:3938: checking dependency style of gcc
configure:4049: result: gcc3
configure:4070: checking how to run the C preprocessor
configure:4101: gcc -E  conftest.c
configure:4101: $? = 0
configure:4115: gcc -E  conftest.c
conftest.c:11:10: fatal error: ac_nonexistent.h: No such file or directory
   11 | #include <ac_nonexistent.h>
      |          ^~~~~~~~~~~~~~~~~~
compilation terminated.
configure:4115: $? = 1
configure: failed program was:
| /* confdefs.h */
| #define PACKAGE_NAME "gprof"
| #define PACKAGE_TARNAME "gprof"
| #define PACKAGE_VERSION "2.45"
| #define PACKAGE_STRING "gprof 2.45"
| #define PACKAGE_BUGREPORT ""
| #define PACKAGE_URL ""
| #define PACKAGE "gprof"
| #define VERSION "2.45"
| /* end confdefs.h.  */
| #include <ac_nonexistent.h>
configure:4140: result: gcc -E
configure:4160: gcc -E  conftest.c
configure:4160: $? = 0
configure:4174: gcc -E  conftest.c
conftest.c:11:10: fatal error: ac_nonexistent.h: No such file or directory
   11 | #include <ac_nonexistent.h>
      |          ^~~~~~~~~~~~~~~~~~
compilation terminated.
configure:4174: $? = 1
configure: failed program was:
| /* confdefs.h */
| #define PACKAGE_NAME "gprof"
| #define PACKAGE_TARNAME "gprof"
| #define PACKAGE_VERSION "2.45"
| #define PACKAGE_STRING "gprof 2.45"
| #define PACKAGE_BUGREPORT ""
| #define PACKAGE_URL ""
| #define PACKAGE "gprof"
| #define VERSION "2.45"
| /* end confdefs.h.  */
| #include <ac_nonexistent.h>
configure:4203: checking for grep that handles long lines and -e
configure:4261: result: /usr/bin/grep
configure:4266: checking for egrep
configure:4328: result: /usr/bin/grep -E
configure:4333: checking for ANSI C header files
configure:4353: gcc -c -g -O2      conftest.c >&5
configure:4353: $? = 0
configure:4426: gcc -o conftest -g -O2        conftest.c  >&5
configure:4426: $? = 0
configure:4426: ./conftest
configure:4426: $? = 0
configure:4437: result: yes
configure:4450: checking for sys/types.h
configure:4450: gcc -c -g -O2      conftest.c >&5
configure:4450: $? = 0
configure:4450: result: yes
configure:4450: checking for sys/stat.h
configure:4450: gcc -c -g -O2      conftest.c >&5
configure:4450: $? = 0
configure:4450: result: yes
configure:4450: checking for stdlib.h
configure:4450: gcc -c -g -O2      conftest.c >&5
configure:4450: $? = 0
configure:4450: result: yes
configure:4450: checking for string.h
configure:4450: gcc -c -g -O2      conftest.c >&5
configure:4450: $? = 0
configure:4450: result: yes
configure:4450: checking for memory.h
configure:4450: gcc -c -g -O2      conftest.c >&5
configure:4450: $? = 0
configure:4450: result: yes
configure:4450: checking for strings.h
configure:4450: gcc -c -g -O2      conftest.c >&5
configure:4450: $? = 0
configure:4450: result: yes
configure:4450: checking for inttypes.h
configure:4450: gcc -c -g -O2      conftest.c >&5
configure:4450: $? = 0
configure:4450: result: yes
configure:4450: checking for stdint.h
configure:4450: gcc -c -g -O2      conftest.c >&5
configure:4450: $? = 0
configure:4450: result: yes
configure:4450: checking for unistd.h
configure:4450: gcc -c -g -O2      conftest.c >&5
configure:4450: $? = 0
configure:4450: result: yes
configure:4463: checking minix/config.h usability
configure:4463: gcc -c -g -O2      conftest.c >&5
conftest.c:54:10: fatal error: minix/config.h: No such file or directory
   54 | #include <minix/config.h>
      |          ^~~~~~~~~~~~~~~~
compilation terminated.
configure:4463: $? = 1
configure: failed program was:
| /* confdefs.h */
| #define PACKAGE_NAME "gprof"
| #define PACKAGE_TARNAME "gprof"
| #define PACKAGE_VERSION "2.45"
| #define PACKAGE_STRING "gprof 2.45"
| #define PACKAGE_BUGREPORT ""
| #define PACKAGE_URL ""
| #define PACKAGE "gprof"
| #define VERSION "2.45"
| #define STDC_HEADERS 1
| #define HAVE_SYS_TYPES_H 1
| #define HAVE_SYS_STAT_H 1
| #define HAVE_STDLIB_H 1
| #define HAVE_STRING_H 1
| #define HAVE_MEMORY_H 1
| #define HAVE_STRINGS_H 1
| #define HAVE_INTTYPES_H 1
| #define HAVE_STDINT_H 1
| #define HAVE_UNISTD_H 1
| /* end confdefs.h.  */
| #include <stdio.h>
| #ifdef HAVE_SYS_TYPES_H
| # include <sys/types.h>
| #endif
| #ifdef HAVE_SYS_STAT_H
| # include <sys/stat.h>
| #endif
| #ifdef STDC_HEADERS
| # include <stdlib.h>
| # include <stddef.h>
| #else
| # ifdef HAVE_STDLIB_H
| #  include <stdlib.h>
| # endif
| #endif
| #ifdef HAVE_STRING_H
| # if !defined STDC_HEADERS && defined HAVE_MEMORY_H
| #  include <memory.h>
| # endif
| # include <string.h>
| #endif
| #ifdef HAVE_STRINGS_H
| # include <strings.h>
| #endif
| #ifdef HAVE_INTTYPES_H
| # include <inttypes.h>
| #endif
| #ifdef HAVE_STDINT_H
| # include <stdint.h>
| #endif
| #ifdef HAVE_UNISTD_H
| # include <unistd.h>
| #endif
| #include <minix/config.h>
configure:4463: result: no
configure:4463: checking minix/config.h presence
configure:4463: gcc -E  conftest.c
conftest.c:21:10: fatal error: minix/config.h: No such file or directory
   21 | #include <minix/config.h>
      |          ^~~~~~~~~~~~~~~~
compilation terminated.
configure:4463: $? = 1
configure: failed program was:
| /* confdefs.h */
| #define PACKAGE_NAME "gprof"
| #define PACKAGE_TARNAME "gprof"
| #define PACKAGE_VERSION "2.45"
| #define PACKAGE_STRING "gprof 2.45"
| #define PACKAGE_BUGREPORT ""
| #define PACKAGE_URL ""
| #define PACKAGE "gprof"
| #define VERSION "2.45"
| #define STDC_HEADERS 1
| #define HAVE_SYS_TYPES_H 1
| #define HAVE_SYS_STAT_H 1
| #define HAVE_STDLIB_H 1
| #define HAVE_STRING_H 1
| #define HAVE_MEMORY_H 1
| #define HAVE_STRINGS_H 1
| #define HAVE_INTTYPES_H 1
| #define HAVE_STDINT_H 1
| #define HAVE_UNISTD_H 1
| /* end confdefs.h.  */
| #include <minix/config.h>
configure:4463: result: no
configure:4463: checking for minix/config.h
configure:4463: result: no
configure:4484: checking whether it is safe to define __EXTENSIONS__
configure:4502: gcc -c -g -O2      conftest.c >&5
configure:4502: $? = 0
configure:4509: result: yes
configure:4571: checking how to print strings
configure:4598: result: printf
configure:4619: checking for a sed that does not truncate output
configure:4683: result: /usr/bin/sed
configure:4701: checking for fgrep
configure:4763: result: /usr/bin/grep -F
configure:4798: checking for ld used by gcc
configure:4865: result: ld
configure:4872: checking if the linker (ld) is GNU ld
configure:4887: result: yes
configure:4899: checking for BSD- or MS-compatible name lister (nm)
configure:4955: result: /usr/bin/nm -B
configure:5085: checking the name lister (/usr/bin/nm -B) interface
configure:5092: gcc -c -g -O2      conftest.c >&5
configure:5095: /usr/bin/nm -B "conftest.o"
configure:5098: output
0000000000000000 B some_variable
configure:5105: result: BSD nm
configure:5108: checking whether ln -s works
configure:5112: result: yes
configure:5120: checking the maximum length of command line arguments
configure:5245: result: 1572864
configure:5262: checking whether the shell understands some XSI constructs
configure:5272: result: yes
configure:5276: checking whether the shell understands "+="
configure:5282: result: yes
configure:5317: checking for ld option to reload object files
configure:5324: result: -r
configure:5353: checking for x86_64-pc-linux-gnu-objdump
configure:5380: result: objdump
configure:5452: checking how to recognize dependent libraries
configure:5658: result: pass_all
configure:5691: checking for x86_64-pc-linux-gnu-ar
configure:5718: result: ar --plugin /usr/libexec/gcc/x86_64-linux-gnu/14/liblto_plugin.so
configure:5809: checking for x86_64-pc-linux-gnu-strip
configure:5839: result: no
configure:5849: checking for strip
configure:5865: found /usr/bin/strip
configure:5876: result: strip
configure:5908: checking for x86_64-pc-linux-gnu-ranlib
configure:5935: result: ranlib --plugin /usr/libexec/gcc/x86_64-linux-gnu/14/liblto_plugin.so
configure:6082: checking command to parse /usr/bin/nm -B output from gcc object
configure:6200: gcc -c -g -O2      conftest.c >&5
configure:6203: $? = 0
configure:6207: /usr/bin/nm -B conftest.o \| sed -n -e 's/^.*[ ]\([ABCDGIRSTW][ABCDGIRSTW]*\)[ ][ ]*\([_A-Za-z][_A-Za-z0-9]*\)$/\1 \2 \2/p' \> conftest.nm
configure:6210: $? = 0
configure:6264: gcc -o conftest -g -O2        conftest.c conftstm.o >&5
configure:6267: $? = 0
configure:6305: result: ok
configure:6400: gcc -c -g -O2      conftest.c >&5
configure:6403: $? = 0
configure:7155: checking for dlfcn.h
configure:7155: gcc -c -g -O2      conftest.c >&5
configure:7155: $? = 0
configure:7155: result: yes
configure:7342: checking for objdir
configure:7357: result: .libs
configure:7628: checking if gcc supports -fno-rtti -fno-exceptions
configure:7646: gcc -c -g -O2      -fno-rtti -fno-exceptions conftest.c >&5
cc1: warning: command-line option '-fno-rtti' is valid for C++/D/ObjC++ but not for C
configure:7650: $? = 0
configure:7663: result: no
configure:7683: checking for gcc option to produce PIC
configure:7969: result: -fPIC -DPIC
configure:7981: checking if gcc PIC flag -fPIC -DPIC works
configure:7999: gcc -c -g -O2      -fPIC -DPIC -DPIC conftest.c >&5
configure:8003: $? = 0
configure:8016: result: yes
configure:8040: checking if gcc static flag -static works
configure:8068: result: yes
configure:8083: checking if gcc supports -c -o file.o
configure:8104: gcc -c -g -O2      -o out/conftest2.o conftest.c >&5
configure:8108: $? = 0
configure:8130: result: yes
configure:8138: checking if gcc supports -c -o file.o
configure:8185: result: yes
configure:8218: checking whether the gcc linker (ld -m elf_x86_64) supports shared libraries
configure:9289: result: yes
configure:9326: checking whether -lc should be explicitly linked in
configure:9334: gcc -c -g -O2      conftest.c >&5
configure:9337: $? = 0
configure:9352: gcc -shared  -fPIC -DPIC conftest.o  -v -Wl,-soname -Wl,conftest -o conftest 2\>\&1 \| /usr/bin/grep  -lc  \>/dev/null 2\>\&1
configure:9355: $? = 0
configure:9369: result: no
configure:9534: checking dynamic linker characteristics
configure:9980: gcc -o conftest -g -O2        -Wl,-rpath -Wl,/foo conftest.c  >&5
configure:9980: $? = 0
configure:10221: result: GNU/Linux ld.so
configure:10328: checking how to hardcode library paths into programs
configure:10353: result: immediate
configure:10893: checking whether stripping libraries is possible
configure:10898: result: yes
configure:10933: checking if libtool supports shared libraries
configure:10935: result: yes
configure:10938: checking whether to build shared libraries
configure:10959: result: yes
configure:10962: checking whether to build static libraries
configure:10966: result: yes
configure:11014: checking for dlfcn.h
configure:11014: result: yes
configure:11027: checking for windows.h
configure:11027: gcc -c -g -O2      conftest.c >&5
conftest.c:63:10: fatal error: windows.h: No such file or directory
   63 | #include <windows.h>
      |          ^~~~~~~~~~~
compilation terminated.
configure:11027: $? = 1
configure: failed program was:
| /* confdefs.h */
| #define PACKAGE_NAME "gprof"
| #define PACKAGE_TARNAME "gprof"
| #define PACKAGE_VERSION "2.45"
| #define PACKAGE_STRING "gprof 2.45"
| #define PACKAGE_BUGREPORT ""
| #define PACKAGE_URL ""
| #define PACKAGE "gprof"
| #define VERSION "2.45"
| #define STDC_HEADERS 1
| #define HAVE_SYS_TYPES_H 1
| #define HAVE_SYS_STAT_H 1
| #define HAVE_STDLIB_H 1
| #define HAVE_STRING_H 1
| #define HAVE_MEMORY_H 1
| #define HAVE_STRINGS_H 1
| #define HAVE_INTTYPES_H 1
| #define HAVE_STDINT_H 1
| #define HAVE_UNISTD_H 1
| #define __EXTENSIONS__ 1
| #define _ALL_SOURCE 1
| #define _GNU_SOURCE 1
| #define _POSIX_PTHREAD_SEMANTICS 1
| #define _TANDEM_SOURCE 1
| #define HAVE_DLFCN_H 1
| #define LT_OBJDIR ".libs/"
| #define HAVE_DLFCN_H 1
| /* end confdefs.h.  */
| #include <stdio.h>
| #ifdef HAVE_SYS_TYPES_H
| # include <sys/types.h>
| #endif
| #ifdef HAVE_SYS_STAT_H
| # include <sys/stat.h>
| #endif
| #ifdef STDC_HEADERS
| # include <stdlib.h>
| # include <stddef.h>
| #else
| # ifdef HAVE_STDLIB_H
| #  include <stdlib.h>
| # endif
| #endif
| #ifdef HAVE_STRING_H
| # if !defined STDC_HEADERS && defined HAVE_MEMORY_H
| #  include <memory.h>
| # endif
| # include <string.h>
| #endif
| #ifdef HAVE_STRINGS_H
| # include <strings.h>
| #endif
| #ifdef HAVE_INTTYPES_H
| # include <inttypes.h>
| #endif
| #ifdef HAVE_STDINT_H
| # include <stdint.h>
| #endif
| #ifdef HAVE_UNISTD_H
| # include <unistd.h>
| #endif
| 
| #include <windows.h>
configure:11027: result: no
configure:11054: checking for library containing dlsym
configure:11085: gcc -o conftest -g -O2        conftest.c  >&5
configure:11085: $? = 0
configure:11102: result: none required
configure:11174: checking for special C compiler options needed for large files
configure:11219: result: no
configure:11225: checking for _FILE_OFFSET_BITS value needed for large files
configure:11250: gcc -c -g -O2      conftest.c >&5
configure:11250: $? = 0
configure:11282: result: no
configure:11372: checking sys/time.h usability
configure:11372: gcc -c -g -O2      conftest.c >&5
configure:11372: $? = 0
configure:11372: result: yes
configure:11372: checking sys/time.h presence
configure:11372: gcc -E  conftest.c
configure:11372: $? = 0
configure:11372: result: yes
configure:11372: checking for sys/time.h
configure:11372: result: yes
configure:11384: checking for setitimer
configure:11384: gcc -o conftest -g -O2        conftest.c  >&5
configure:11384: $? = 0
configure:11384: result: yes
configure:11409: checking whether NLS is requested
configure:11418: result: no
configure:11456: checking for msgfmt
configure:11487: result: /usr/bin/msgfmt
configure:11496: checking for gmsgfmt
configure:11527: result: /usr/bin/msgfmt
configure:11567: checking for xgettext
configure:11598: result: /usr/bin/xgettext
configure:11638: checking for msgmerge
configure:11668: result: /usr/bin/msgmerge
configure:11743: checking for ld used by GCC
configure:11806: result: ld -m elf_x86_64
configure:11813: checking if the linker (ld -m elf_x86_64) is GNU ld
GNU ld (GNU Binutils for Debian) 2.44
configure:11825: result: yes
configure:11831: checking for shared library run path origin
configure:11844: result: done
configure:12291: checking for CFPreferencesCopyAppValue
configure:12309: gcc -o conftest -g -O2        conftest.c  -Wl,-framework -Wl,CoreFoundation >&5
conftest.c:31:10: fatal error: CoreFoundation/CFPreferences.h: No such file or directory
   31 | #include <CoreFoundation/CFPreferences.h>
      |          ^~~~~~~~~~~~~~~~~~~~~~~~~~~~~~~~
compilation terminated.
configure:12309: $? = 1
configure: failed program was:
| /* confdefs.h */
| #define PACKAGE_NAME "gprof"
| #define PACKAGE_TARNAME "gprof"
| #define PACKAGE_VERSION "2.45"
| #define PACKAGE_STRING "gprof 2.45"
| #define PACKAGE_BUGREPORT ""
| #define PACKAGE_URL ""
| #define PACKAGE "gprof"
| #define VERSION "2.45"
| #define STDC_HEADERS 1
| #define HAVE_SYS_TYPES_H 1
| #define HAVE_SYS_STAT_H 1
| #define HAVE_STDLIB_H 1
| #define HAVE_STRING_H 1
| #define HAVE_MEMORY_H 1
| #define HAVE_STRINGS_H 1
| #define HAVE_INTTYPES_H 1
| #define HAVE_STDINT_H 1
| #define HAVE_UNISTD_H 1
| #define __EXTENSIONS__ 1
| #define _ALL_SOURCE 1
| #define _GNU_SOURCE 1
| #define _POSIX_PTHREAD_SEMANTICS 1
| #define _TANDEM_SOURCE 1
| #define HAVE_DLFCN_H 1
| #define LT_OBJDIR ".libs/"
| #define HAVE_DLFCN_H 1
| #define HAVE_SYS_TIME_H 1
| #define HAVE_SETITIMER 1
| /* end confdefs.h.  */
| #include <CoreFoundation/CFPreferences.h>
| int
| main ()
| {
| CFPreferencesCopyAppValue(NULL, NULL)
|   ;
|   return 0;
| }
configure:12318: result: no
configure:12325: checking for CFLocaleCopyPreferredLanguages
configure:12343: gcc -o conftest -g -O2        conftest.c  -Wl,-framework -Wl,CoreFoundation >&5
conftest.c:31:10: fatal error: CoreFoundation/CFLocale.h: No such file or directory
   31 | #include <CoreFoundation/CFLocale.h>
      |          ^~~~~~~~~~~~~~~~~~~~~~~~~~~
compilation terminated.
configure:12343: $? = 1
configure: failed program was:
| /* confdefs.h */
| #define PACKAGE_NAME "gprof"
| #define PACKAGE_TARNAME "gprof"
| #define PACKAGE_VERSION "2.45"
| #define PACKAGE_STRING "gprof 2.45"
| #define PACKAGE_BUGREPORT ""
| #define PACKAGE_URL ""
| #define PACKAGE "gprof"
| #define VERSION "2.45"
| #define STDC_HEADERS 1
| #define HAVE_SYS_TYPES_H 1
| #define HAVE_SYS_STAT_H 1
| #define HAVE_STDLIB_H 1
| #define HAVE_STRING_H 1
| #define HAVE_MEMORY_H 1
| #define HAVE_STRINGS_H 1
| #define HAVE_INTTYPES_H 1
| #define HAVE_STDINT_H 1
| #define HAVE_UNISTD_H 1
| #define __EXTENSIONS__ 1
| #define _ALL_SOURCE 1
| #define _GNU_SOURCE 1
| #define _POSIX_PTHREAD_SEMANTICS 1
| #define _TANDEM_SOURCE 1
| #define HAVE_DLFCN_H 1
| #define LT_OBJDIR ".libs/"
| #define HAVE_DLFCN_H 1
| #define HAVE_SYS_TIME_H 1
| #define HAVE_SETITIMER 1
| /* end confdefs.h.  */
| #include <CoreFoundation/CFLocale.h>
| int
| main ()
| {
| CFLocaleCopyPreferredLanguages();
|   ;
|   return 0;
| }
configure:12352: result: no
configure:13232: checking whether to use NLS
configure:13234: result: no
configure:13317: checking whether NLS is requested
configure:13320: result: no
configure:13376: checking whether to enable maintainer-specific portions of Makefiles
configure:13385: result: no
configure:13410: checking sys/gmon_out.h usability
configure:13410: gcc -c -g -O2      conftest.c >&5
configure:13410: $? = 0
configure:13410: result: yes
configure:13410: checking sys/gmon_out.h presence
configure:13410: gcc -E  conftest.c
configure:13410: $? = 0
configure:13410: result: yes
configure:13410: checking for sys/gmon_out.h
configure:13410: result: yes
configure:13421: checking for a known getopt prototype in unistd.h
configure:13437: gcc -c -g -O2      conftest.c >&5
configure:13437: $? = 0
configure:13445: result: yes
configure:13454: checking for library containing fabs
configure:13485: gcc -o conftest -g -O2        conftest.c  >&5
conftest.c:40:6: warning: conflicting types for built-in function 'fabs'; expected 'double(double)' [-Wbuiltin-declaration-mismatch]
   40 | char fabs ();
      |      ^~~~
conftest.c:1:1: note: 'fabs' is declared in header '<math.h>'
    1 | /* confdefs.h */
/usr/bin/ld: /tmp/cchIHWEG.o: in function `main':
/home/liv/Projects/ChoccyNix/autotar/source/binutils/binutils-2.45/build/gprof/conftest.c:44:(.text.startup+0x7): undefined reference to `fabs'
collect2: error: ld returned 1 exit status
configure:13485: $? = 1
configure: failed program was:
| /* confdefs.h */
| #define PACKAGE_NAME "gprof"
| #define PACKAGE_TARNAME "gprof"
| #define PACKAGE_VERSION "2.45"
| #define PACKAGE_STRING "gprof 2.45"
| #define PACKAGE_BUGREPORT ""
| #define PACKAGE_URL ""
| #define PACKAGE "gprof"
| #define VERSION "2.45"
| #define STDC_HEADERS 1
| #define HAVE_SYS_TYPES_H 1
| #define HAVE_SYS_STAT_H 1
| #define HAVE_STDLIB_H 1
| #define HAVE_STRING_H 1
| #define HAVE_MEMORY_H 1
| #define HAVE_STRINGS_H 1
| #define HAVE_INTTYPES_H 1
| #define HAVE_STDINT_H 1
| #define HAVE_UNISTD_H 1
| #define __EXTENSIONS__ 1
| #define _ALL_SOURCE 1
| #define _GNU_SOURCE 1
| #define _POSIX_PTHREAD_SEMANTICS 1
| #define _TANDEM_SOURCE 1
| #define HAVE_DLFCN_H 1
| #define LT_OBJDIR ".libs/"
| #define HAVE_DLFCN_H 1
| #define HAVE_SYS_TIME_H 1
| #define HAVE_SETITIMER 1
| #define HAVE_SYS_GMON_OUT_H 1
| #define HAVE_DECL_GETOPT 1
| /* end confdefs.h.  */
| 
| /* Override any GCC internal prototype to avoid an error.
|    Use char because int might match the return type of a GCC
|    builtin and then its argument prototype would still apply.  */
| #ifdef __cplusplus
| extern "C"
| #endif
| char fabs ();
| int
| main ()
| {
| return fabs ();
|   ;
|   return 0;
| }
configure:13485: gcc -o conftest -g -O2        conftest.c -lm   >&5
conftest.c:40:6: warning: conflicting types for built-in function 'fabs'; expected 'double(double)' [-Wbuiltin-declaration-mismatch]
   40 | char fabs ();
      |      ^~~~
conftest.c:1:1: note: 'fabs' is declared in header '<math.h>'
    1 | /* confdefs.h */
configure:13485: $? = 0
configure:13502: result: -lm
configure:13687: checking whether gprof tests can run

## ---------------- ##
## Cache variables. ##
## ---------------- ##

ac_cv_build=x86_64-pc-linux-gnu
ac_cv_c_compiler_gnu=yes
ac_cv_env_CC_set=set
ac_cv_env_CC_value=gcc
ac_cv_env_CFLAGS_set=set
ac_cv_env_CFLAGS_value='-g -O2    '
ac_cv_env_CPPFLAGS_set=
ac_cv_env_CPPFLAGS_value=
ac_cv_env_CPP_set=
ac_cv_env_CPP_value=
ac_cv_env_LDFLAGS_set=set
ac_cv_env_LDFLAGS_value=' '
ac_cv_env_LIBS_set=
ac_cv_env_LIBS_value=
ac_cv_env_build_alias_set=set
ac_cv_env_build_alias_value=x86_64-pc-linux-gnu
ac_cv_env_host_alias_set=set
ac_cv_env_host_alias_value=x86_64-pc-linux-gnu
ac_cv_env_target_alias_set=set
ac_cv_env_target_alias_value=x86_64-pc-linux-gnu
ac_cv_func_setitimer=yes
ac_cv_header_dlfcn_h=yes
ac_cv_header_inttypes_h=yes
ac_cv_header_memory_h=yes
ac_cv_header_minix_config_h=no
ac_cv_header_stdc=yes
ac_cv_header_stdint_h=yes
ac_cv_header_stdlib_h=yes
ac_cv_header_string_h=yes
ac_cv_header_strings_h=yes
ac_cv_header_sys_gmon_out_h=yes
ac_cv_header_sys_stat_h=yes
ac_cv_header_sys_time_h=yes
ac_cv_header_sys_types_h=yes
ac_cv_header_unistd_h=yes
ac_cv_header_windows_h=no
ac_cv_host=x86_64-pc-linux-gnu
ac_cv_objext=o
ac_cv_path_EGREP='/usr/bin/grep -E'
ac_cv_path_FGREP='/usr/bin/grep -F'
ac_cv_path_GMSGFMT=/usr/bin/msgfmt
ac_cv_path_GREP=/usr/bin/grep
ac_cv_path_MSGFMT=/usr/bin/msgfmt
ac_cv_path_MSGMERGE=/usr/bin/msgmerge
ac_cv_path_SED=/usr/bin/sed
ac_cv_path_XGETTEXT=/usr/bin/xgettext
ac_cv_path_mkdir=/usr/bin/mkdir
ac_cv_prog_AR='ar --plugin /usr/libexec/gcc/x86_64-linux-gnu/14/liblto_plugin.so'
ac_cv_prog_AWK=mawk
ac_cv_prog_CC=gcc
ac_cv_prog_CPP='gcc -E'
ac_cv_prog_OBJDUMP=objdump
ac_cv_prog_RANLIB='ranlib --plugin /usr/libexec/gcc/x86_64-linux-gnu/14/liblto_plugin.so'
ac_cv_prog_ac_ct_STRIP=strip
ac_cv_prog_cc_c89=
ac_cv_prog_cc_g=yes
ac_cv_prog_make_make_set=yes
ac_cv_safe_to_define___extensions__=yes
ac_cv_search_dlsym='none required'
ac_cv_search_fabs=-lm
ac_cv_sys_file_offset_bits=no
ac_cv_sys_largefile_CC=no
ac_cv_target=x86_64-pc-linux-gnu
acl_cv_hardcode_direct=no
acl_cv_hardcode_libdir_flag_spec='${wl}-rpath ${wl}$libdir'
acl_cv_hardcode_libdir_separator=
acl_cv_hardcode_minus_L=no
acl_cv_libext=a
acl_cv_path_LD='ld -m elf_x86_64'
acl_cv_prog_gnu_ld=yes
acl_cv_rpath=done
acl_cv_shlibext=so
acl_cv_wl=-Wl,
am_cv_CC_dependencies_compiler_type=gcc3
am_cv_make_support_nested_variables=yes
am_cv_prog_cc_c_o=yes
gprof_cv_decl_getopt_unistd_h=yes
gprof_cv_sys_native=no
gt_cv_func_CFLocaleCopyPreferredLanguages=no
gt_cv_func_CFPreferencesCopyAppValue=no
lt_cv_archive_cmds_need_lc=no
lt_cv_deplibs_check_method=pass_all
lt_cv_file_magic_cmd='$MAGIC_CMD'
lt_cv_file_magic_test_file=
lt_cv_ld_reload_flag=-r
lt_cv_nm_interface='BSD nm'
lt_cv_objdir=.libs
lt_cv_path_LD=ld
lt_cv_path_NM='/usr/bin/nm -B'
lt_cv_prog_compiler_c_o=yes
lt_cv_prog_compiler_pic_works=yes
lt_cv_prog_compiler_rtti_exceptions=no
lt_cv_prog_compiler_static_works=yes
lt_cv_prog_gnu_ld=yes
lt_cv_shlibpath_overrides_runpath=yes
lt_cv_sys_global_symbol_pipe='sed -n -e '\''s/^.*[	 ]\([ABCDGIRSTW][ABCDGIRSTW]*\)[	 ][	 ]*\([_A-Za-z][_A-Za-z0-9]*\)$/\1 \2 \2/p'\'''
lt_cv_sys_global_symbol_to_c_name_address='sed -n -e '\''s/^: \([^ ]*\) $/  {\"\1\", (void *) 0},/p'\'' -e '\''s/^[ABCDGIRSTW]* \([^ ]*\) \([^ ]*\)$/  {"\2", (void *) \&\2},/p'\'''
lt_cv_sys_global_symbol_to_c_name_address_lib_prefix='sed -n -e '\''s/^: \([^ ]*\) $/  {\"\1\", (void *) 0},/p'\'' -e '\''s/^[ABCDGIRSTW]* \([^ ]*\) \(lib[^ ]*\)$/  {"\2", (void *) \&\2},/p'\'' -e '\''s/^[ABCDGIRSTW]* \([^ ]*\) \([^ ]*\)$/  {"lib\2", (void *) \&\2},/p'\'''
lt_cv_sys_global_symbol_to_cdecl='sed -n -e '\''s/^T .* \(.*\)$/extern int \1();/p'\'' -e '\''s/^[ABCDGIRSTW]* .* \(.*\)$/extern char \1;/p'\'''
lt_cv_sys_max_cmd_len=1572864

## ----------------- ##
## Output variables. ##
## ----------------- ##

ACLOCAL='${SHELL} /home/liv/Projects/ChoccyNix/autotar/source/binutils/binutils-2.45/missing aclocal-1.15'
AMDEPBACKSLASH='\'
AMDEP_FALSE='#'
AMDEP_TRUE=''
AMTAR='$${TAR-tar}'
AM_BACKSLASH='\'
AM_DEFAULT_V='$(AM_DEFAULT_VERBOSITY)'
AM_DEFAULT_VERBOSITY='0'
AM_V='$(V)'
AR='ar --plugin /usr/libexec/gcc/x86_64-linux-gnu/14/liblto_plugin.so --plugin /usr/libexec/gcc/x86_64-linux-gnu/14/liblto_plugin.so'
AUTOCONF='${SHELL} /home/liv/Projects/ChoccyNix/autotar/source/binutils/binutils-2.45/missing autoconf'
AUTOHEADER='${SHELL} /home/liv/Projects/ChoccyNix/autotar/source/binutils/binutils-2.45/missing autoheader'
AUTOMAKE='${SHELL} /home/liv/Projects/ChoccyNix/autotar/source/binutils/binutils-2.45/missing automake-1.15'
AWK='mawk'
CATALOGS=''
CATOBJEXT=''
CC='gcc'
CCDEPMODE='depmode=gcc3'
CFLAGS='-g -O2    '
CPP='gcc -E'
CPPFLAGS=''
CYGPATH_W='echo'
DATADIRNAME=''
DEFS=''
DEPDIR='.deps'
DSYMUTIL='dsymutil'
DUMPBIN=''
ECHO_C=''
ECHO_N='-n'
ECHO_T=''
EGREP='/usr/bin/grep -E'
EXEEXT=''
FGREP='/usr/bin/grep -F'
GENCAT=''
GENINSRC_NEVER_FALSE=''
GENINSRC_NEVER_TRUE='#'
GMSGFMT='/usr/bin/msgfmt'
GREP='/usr/bin/grep'
INCINTL=''
INSTALL_DATA='/usr/bin/install -c -m 644'
INSTALL_PROGRAM='/usr/bin/install -c'
INSTALL_SCRIPT='/usr/bin/install -c'
INSTALL_STRIP_PROGRAM='$(install_sh) -c -s'
INSTOBJEXT=''
INTLLIBS=''
INTL_MACOSX_LIBS=''
LARGEFILE_CPPFLAGS=''
LD='ld -m elf_x86_64'
LDFLAGS=' '
LIBICONV='-liconv'
LIBINTL=''
LIBINTL_DEP=''
LIBOBJS=''
LIBS='-lm '
LIBTOOL='$(SHELL) $(top_builddir)/libtool'
LIPO=''
LN_S='ln -s'
LTLIBICONV='-liconv'
LTLIBINTL=''
LTLIBOBJS=''
MAINT='#'
MAINTAINER_MODE_FALSE=''
MAINTAINER_MODE_TRUE='#'
MAKEINFO='/home/liv/Projects/ChoccyNix/autotar/source/binutils/binutils-2.45/missing makeinfo --split-size=5000000'
MKDIR_P='/usr/bin/mkdir -p'
MKINSTALLDIRS='$(top_builddir)/../../gprof/../mkinstalldirs'
MSGFMT='/usr/bin/msgfmt'
MSGMERGE='/usr/bin/msgmerge'
NATIVE_FALSE=''
NATIVE_TRUE=''
NM='/usr/bin/nm -B'
NMEDIT=''
NO_WERROR=''
OBJDUMP='objdump'
OBJEXT='o'
OTOOL64=''
OTOOL='otool'
PACKAGE='gprof'
PACKAGE_BUGREPORT=''
PACKAGE_NAME='gprof'
PACKAGE_STRING='gprof 2.45'
PACKAGE_TARNAME='gprof'
PACKAGE_URL=''
PACKAGE_VERSION='2.45'
PATH_SEPARATOR=':'
POSUB=''
RANLIB='ranlib --plugin /usr/libexec/gcc/x86_64-linux-gnu/14/liblto_plugin.so --plugin /usr/libexec/gcc/x86_64-linux-gnu/14/liblto_plugin.so'
SED='/usr/bin/sed'
SET_MAKE=''
SHELL='/bin/bash'
STRIP='strip'
USE_NLS='no'
VERSION='2.45'
WARN_CFLAGS='-W -Wall -Wstrict-prototypes -Wmissing-prototypes -Wshadow -Wstack-usage=262144'
WARN_CFLAGS_FOR_BUILD='-W -Wall -Wstrict-prototypes -Wmissing-prototypes -Wshadow -Wstack-usage=262144'
WARN_WRITE_STRINGS='-Wwrite-strings'
XGETTEXT='/usr/bin/xgettext'
ac_ct_CC=''
ac_ct_DUMPBIN=''
am__EXEEXT_FALSE=''
am__EXEEXT_TRUE=''
am__fastdepCC_FALSE='#'
am__fastdepCC_TRUE=''
am__include='include'
am__isrc=' -I$(srcdir)'
am__leading_dot='.'
am__nodep='_no'
am__quote=''
am__tar='$${TAR-tar} chof - "$$tardir"'
am__untar='$${TAR-tar} xf -'
bindir='${exec_prefix}/bin'
build='x86_64-pc-linux-gnu'
build_alias='x86_64-pc-linux-gnu'
build_cpu='x86_64'
build_os='linux-gnu'
build_vendor='pc'
datadir='${datarootdir}'
datarootdir='${prefix}/share'
docdir='${datarootdir}/doc/${PACKAGE_TARNAME}'
dvidir='${docdir}'
exec_prefix='NONE'
host='x86_64-pc-linux-gnu'
host_alias='x86_64-pc-linux-gnu'
host_cpu='x86_64'
host_os='linux-gnu'
host_vendor='pc'
htmldir='${docdir}'
includedir='${prefix}/include'
infodir='${datarootdir}/info'
install_sh='${SHELL} /home/liv/Projects/ChoccyNix/autotar/source/binutils/binutils-2.45/install-sh'
libdir='/usr/lib'
libexecdir='${exec_prefix}/libexec'
localedir='${datarootdir}/locale'
localstatedir='${prefix}/var'
mandir='${datarootdir}/man'
mkdir_p='$(MKDIR_P)'
oldincludedir='/usr/include'
pdfdir='${docdir}'
prefix='/usr'
program_transform_name='s,y,y,'
psdir='${docdir}'
sbindir='${exec_prefix}/sbin'
sharedstatedir='${prefix}/com'
sysconfdir='${prefix}/etc'
target='x86_64-pc-linux-gnu'
target_alias='x86_64-pc-linux-gnu'
target_cpu='x86_64'
target_os='linux-gnu'
target_vendor='pc'

## ----------- ##
## confdefs.h. ##
## ----------- ##

/* confdefs.h */
#define PACKAGE_NAME "gprof"
#define PACKAGE_TARNAME "gprof"
#define PACKAGE_VERSION "2.45"
#define PACKAGE_STRING "gprof 2.45"
#define PACKAGE_BUGREPORT ""
#define PACKAGE_URL ""
#define PACKAGE "gprof"
#define VERSION "2.45"
#define STDC_HEADERS 1
#define HAVE_SYS_TYPES_H 1
#define HAVE_SYS_STAT_H 1
#define HAVE_STDLIB_H 1
#define HAVE_STRING_H 1
#define HAVE_MEMORY_H 1
#define HAVE_STRINGS_H 1
#define HAVE_INTTYPES_H 1
#define HAVE_STDINT_H 1
#define HAVE_UNISTD_H 1
#define __EXTENSIONS__ 1
#define _ALL_SOURCE 1
#define _GNU_SOURCE 1
#define _POSIX_PTHREAD_SEMANTICS 1
#define _TANDEM_SOURCE 1
#define HAVE_DLFCN_H 1
#define LT_OBJDIR ".libs/"
#define HAVE_DLFCN_H 1
#define HAVE_SYS_TIME_H 1
#define HAVE_SETITIMER 1
#define HAVE_SYS_GMON_OUT_H 1
#define HAVE_DECL_GETOPT 1

configure: caught signal 2
configure: exit 1
