This file contains any messages produced by compilers while
running configure, to aid debugging if configure makes a mistake.

It was created by gprofng configure 2.45, which was
generated by GNU Autoconf 2.69.  Invocation command line was

  $ /home/liv/Projects/ChoccyNix/autotar/source/binutils/binutils-2.45/gprofng/configure --srcdir=../../gprofng --cache-file=./config.cache --with-gnu-as --with-gnu-ld --prefix=/usr --libdir=/usr/lib --enable-shared --disable-multilib --disable-nls --disable-werror --program-transform-name=s,y,y, --disable-option-checking --disable-year2038 --build=x86_64-pc-linux-gnu --host=x86_64-pc-linux-gnu --target=x86_64-pc-linux-gnu

## --------- ##
## Platform. ##
## --------- ##

hostname = snekbian
uname -m = x86_64
uname -r = 6.12.41+deb13-amd64
uname -s = Linux
uname -v = #1 SMP PREEMPT_DYNAMIC Debian 6.12.41-1 (2025-08-12)

/usr/bin/uname -p = unknown
/bin/uname -X     = unknown

/bin/arch              = x86_64
/usr/bin/arch -k       = unknown
/usr/convex/getsysinfo = unknown
/usr/bin/hostinfo      = unknown
/bin/machine           = unknown
/usr/bin/oslevel       = unknown
/bin/universe          = unknown

PATH: /tmp/choccynix/tools/bin
PATH: /usr/bin


## ----------- ##
## Core tests. ##
## ----------- ##

configure:2357: creating cache ./config.cache
configure:2463: checking build system type
configure:2477: result: x86_64-pc-linux-gnu
configure:2497: checking host system type
configure:2510: result: x86_64-pc-linux-gnu
configure:2530: checking target system type
configure:2543: result: x86_64-pc-linux-gnu
configure:2585: checking for a BSD-compatible install
configure:2653: result: /usr/bin/install -c
configure:2664: checking whether build environment is sane
configure:2719: result: yes
configure:2870: checking for a thread-safe mkdir -p
configure:2909: result: /usr/bin/mkdir -p
configure:2916: checking for gawk
configure:2943: result: mawk
configure:2954: checking whether make sets $(MAKE)
configure:2976: result: yes
configure:3005: checking whether make supports nested variables
configure:3022: result: yes
configure:3149: checking whether to enable maintainer-specific portions of Makefiles
configure:3158: result: no
configure:3184: checking for style of include used by make
configure:3212: result: GNU
configure:3243: checking for x86_64-pc-linux-gnu-gcc
configure:3270: result: gcc
configure:3539: checking for C compiler version
configure:3548: gcc --version >&5
gcc (Debian 14.2.0-19) 14.2.0
Copyright (C) 2024 Free Software Foundation, Inc.
This is free software; see the source for copying conditions.  There is NO
warranty; not even for MERCHANTABILITY or FITNESS FOR A PARTICULAR PURPOSE.

configure:3559: $? = 0
configure:3548: gcc -v >&5
Using built-in specs.
COLLECT_GCC=gcc
COLLECT_LTO_WRAPPER=/usr/libexec/gcc/x86_64-linux-gnu/14/lto-wrapper
OFFLOAD_TARGET_NAMES=nvptx-none:amdgcn-amdhsa
OFFLOAD_TARGET_DEFAULT=1
Target: x86_64-linux-gnu
Configured with: ../src/configure -v --with-pkgversion='Debian 14.2.0-19' --with-bugurl=file:///usr/share/doc/gcc-14/README.Bugs --enable-languages=c,ada,c++,go,d,fortran,objc,obj-c++,m2,rust --prefix=/usr --with-gcc-major-version-only --program-suffix=-14 --program-prefix=x86_64-linux-gnu- --enable-shared --enable-linker-build-id --libexecdir=/usr/libexec --without-included-gettext --enable-threads=posix --libdir=/usr/lib --enable-nls --enable-bootstrap --enable-clocale=gnu --enable-libstdcxx-debug --enable-libstdcxx-time=yes --with-default-libstdcxx-abi=new --enable-libstdcxx-backtrace --enable-gnu-unique-object --disable-vtable-verify --enable-plugin --enable-default-pie --with-system-zlib --enable-libphobos-checking=release --with-target-system-zlib=auto --enable-objc-gc=auto --enable-multiarch --disable-werror --enable-cet --with-arch-32=i686 --with-abi=m64 --with-multilib-list=m32,m64,mx32 --enable-multilib --with-tune=generic --enable-offload-targets=nvptx-none=/build/reproducible-path/gcc-14-14.2.0/debian/tmp-nvptx/usr,amdgcn-amdhsa=/build/reproducible-path/gcc-14-14.2.0/debian/tmp-gcn/usr --enable-offload-defaulted --without-cuda-driver --enable-checking=release --build=x86_64-linux-gnu --host=x86_64-linux-gnu --target=x86_64-linux-gnu --with-build-config=bootstrap-lto-lean --enable-link-serialization=3
Thread model: posix
Supported LTO compression algorithms: zlib zstd
gcc version 14.2.0 (Debian 14.2.0-19) 
... rest of stderr output deleted ...
configure:3559: $? = 0
configure:3548: gcc -V >&5
gcc: error: unrecognized command-line option '-V'
gcc: fatal error: no input files
compilation terminated.
configure:3559: $? = 1
configure:3548: gcc -qversion >&5
gcc: error: unrecognized command-line option '-qversion'; did you mean '--version'?
gcc: fatal error: no input files
compilation terminated.
configure:3559: $? = 1
configure:3579: checking whether the C compiler works
configure:3601: gcc -g -O2        conftest.c  >&5
configure:3605: $? = 0
configure:3653: result: yes
configure:3656: checking for C compiler default output file name
configure:3658: result: a.out
configure:3664: checking for suffix of executables
configure:3671: gcc -o conftest -g -O2        conftest.c  >&5
configure:3675: $? = 0
configure:3697: result: 
configure:3719: checking whether we are cross compiling
configure:3727: gcc -o conftest -g -O2        conftest.c  >&5
configure:3731: $? = 0
configure:3738: ./conftest
configure:3742: $? = 0
configure:3757: result: no
configure:3762: checking for suffix of object files
configure:3784: gcc -c -g -O2      conftest.c >&5
configure:3788: $? = 0
configure:3809: result: o
configure:3813: checking whether we are using the GNU C compiler
configure:3832: gcc -c -g -O2      conftest.c >&5
configure:3832: $? = 0
configure:3841: result: yes
configure:3850: checking whether gcc accepts -g
configure:3870: gcc -c -g  conftest.c >&5
configure:3870: $? = 0
configure:3911: result: yes
configure:3928: checking for gcc option to accept ISO C89
configure:3991: gcc  -c -g -O2      conftest.c >&5
configure:3991: $? = 0
configure:4004: result: none needed
configure:4029: checking whether gcc understands -c and -o together
configure:4051: gcc -c conftest.c -o conftest2.o
configure:4054: $? = 0
configure:4051: gcc -c conftest.c -o conftest2.o
configure:4054: $? = 0
configure:4066: result: yes
configure:4085: checking dependency style of gcc
configure:4196: result: gcc3
configure:4217: checking how to run the C preprocessor
configure:4248: gcc -E  conftest.c
configure:4248: $? = 0
configure:4262: gcc -E  conftest.c
conftest.c:11:10: fatal error: ac_nonexistent.h: No such file or directory
   11 | #include <ac_nonexistent.h>
      |          ^~~~~~~~~~~~~~~~~~
compilation terminated.
configure:4262: $? = 1
configure: failed program was:
| /* confdefs.h */
| #define PACKAGE_NAME "gprofng"
| #define PACKAGE_TARNAME "gprofng"
| #define PACKAGE_VERSION "2.45"
| #define PACKAGE_STRING "gprofng 2.45"
| #define PACKAGE_BUGREPORT ""
| #define PACKAGE_URL ""
| #define PACKAGE "gprofng"
| #define VERSION "2.45"
| /* end confdefs.h.  */
| #include <ac_nonexistent.h>
configure:4287: result: gcc -E
configure:4307: gcc -E  conftest.c
configure:4307: $? = 0
configure:4321: gcc -E  conftest.c
conftest.c:11:10: fatal error: ac_nonexistent.h: No such file or directory
   11 | #include <ac_nonexistent.h>
      |          ^~~~~~~~~~~~~~~~~~
compilation terminated.
configure:4321: $? = 1
configure: failed program was:
| /* confdefs.h */
| #define PACKAGE_NAME "gprofng"
| #define PACKAGE_TARNAME "gprofng"
| #define PACKAGE_VERSION "2.45"
| #define PACKAGE_STRING "gprofng 2.45"
| #define PACKAGE_BUGREPORT ""
| #define PACKAGE_URL ""
| #define PACKAGE "gprofng"
| #define VERSION "2.45"
| /* end confdefs.h.  */
| #include <ac_nonexistent.h>
configure:4350: checking for grep that handles long lines and -e
configure:4408: result: /usr/bin/grep
configure:4413: checking for egrep
configure:4475: result: /usr/bin/grep -E
configure:4480: checking for ANSI C header files
configure:4500: gcc -c -g -O2      conftest.c >&5
configure:4500: $? = 0
configure:4573: gcc -o conftest -g -O2        conftest.c  >&5
configure:4573: $? = 0
configure:4573: ./conftest
configure:4573: $? = 0
configure:4584: result: yes
configure:4597: checking for sys/types.h
configure:4597: gcc -c -g -O2      conftest.c >&5
configure:4597: $? = 0
configure:4597: result: yes
configure:4597: checking for sys/stat.h
configure:4597: gcc -c -g -O2      conftest.c >&5
configure:4597: $? = 0
configure:4597: result: yes
configure:4597: checking for stdlib.h
configure:4597: gcc -c -g -O2      conftest.c >&5
configure:4597: $? = 0
configure:4597: result: yes
configure:4597: checking for string.h
configure:4597: gcc -c -g -O2      conftest.c >&5
configure:4597: $? = 0
configure:4597: result: yes
configure:4597: checking for memory.h
configure:4597: gcc -c -g -O2      conftest.c >&5
configure:4597: $? = 0
configure:4597: result: yes
configure:4597: checking for strings.h
configure:4597: gcc -c -g -O2      conftest.c >&5
configure:4597: $? = 0
configure:4597: result: yes
configure:4597: checking for inttypes.h
configure:4597: gcc -c -g -O2      conftest.c >&5
configure:4597: $? = 0
configure:4597: result: yes
configure:4597: checking for stdint.h
configure:4597: gcc -c -g -O2      conftest.c >&5
configure:4597: $? = 0
configure:4597: result: yes
configure:4597: checking for unistd.h
configure:4597: gcc -c -g -O2      conftest.c >&5
configure:4597: $? = 0
configure:4597: result: yes
configure:4610: checking minix/config.h usability
configure:4610: gcc -c -g -O2      conftest.c >&5
conftest.c:54:10: fatal error: minix/config.h: No such file or directory
   54 | #include <minix/config.h>
      |          ^~~~~~~~~~~~~~~~
compilation terminated.
configure:4610: $? = 1
configure: failed program was:
| /* confdefs.h */
| #define PACKAGE_NAME "gprofng"
| #define PACKAGE_TARNAME "gprofng"
| #define PACKAGE_VERSION "2.45"
| #define PACKAGE_STRING "gprofng 2.45"
| #define PACKAGE_BUGREPORT ""
| #define PACKAGE_URL ""
| #define PACKAGE "gprofng"
| #define VERSION "2.45"
| #define STDC_HEADERS 1
| #define HAVE_SYS_TYPES_H 1
| #define HAVE_SYS_STAT_H 1
| #define HAVE_STDLIB_H 1
| #define HAVE_STRING_H 1
| #define HAVE_MEMORY_H 1
| #define HAVE_STRINGS_H 1
| #define HAVE_INTTYPES_H 1
| #define HAVE_STDINT_H 1
| #define HAVE_UNISTD_H 1
| /* end confdefs.h.  */
| #include <stdio.h>
| #ifdef HAVE_SYS_TYPES_H
| # include <sys/types.h>
| #endif
| #ifdef HAVE_SYS_STAT_H
| # include <sys/stat.h>
| #endif
| #ifdef STDC_HEADERS
| # include <stdlib.h>
| # include <stddef.h>
| #else
| # ifdef HAVE_STDLIB_H
| #  include <stdlib.h>
| # endif
| #endif
| #ifdef HAVE_STRING_H
| # if !defined STDC_HEADERS && defined HAVE_MEMORY_H
| #  include <memory.h>
| # endif
| # include <string.h>
| #endif
| #ifdef HAVE_STRINGS_H
| # include <strings.h>
| #endif
| #ifdef HAVE_INTTYPES_H
| # include <inttypes.h>
| #endif
| #ifdef HAVE_STDINT_H
| # include <stdint.h>
| #endif
| #ifdef HAVE_UNISTD_H
| # include <unistd.h>
| #endif
| #include <minix/config.h>
configure:4610: result: no
configure:4610: checking minix/config.h presence
configure:4610: gcc -E  conftest.c
conftest.c:21:10: fatal error: minix/config.h: No such file or directory
   21 | #include <minix/config.h>
      |          ^~~~~~~~~~~~~~~~
compilation terminated.
configure:4610: $? = 1
configure: failed program was:
| /* confdefs.h */
| #define PACKAGE_NAME "gprofng"
| #define PACKAGE_TARNAME "gprofng"
| #define PACKAGE_VERSION "2.45"
| #define PACKAGE_STRING "gprofng 2.45"
| #define PACKAGE_BUGREPORT ""
| #define PACKAGE_URL ""
| #define PACKAGE "gprofng"
| #define VERSION "2.45"
| #define STDC_HEADERS 1
| #define HAVE_SYS_TYPES_H 1
| #define HAVE_SYS_STAT_H 1
| #define HAVE_STDLIB_H 1
| #define HAVE_STRING_H 1
| #define HAVE_MEMORY_H 1
| #define HAVE_STRINGS_H 1
| #define HAVE_INTTYPES_H 1
| #define HAVE_STDINT_H 1
| #define HAVE_UNISTD_H 1
| /* end confdefs.h.  */
| #include <minix/config.h>
configure:4610: result: no
configure:4610: checking for minix/config.h
configure:4610: result: no
configure:4631: checking whether it is safe to define __EXTENSIONS__
configure:4649: gcc -c -g -O2      conftest.c >&5
configure:4649: $? = 0
configure:4656: result: yes
configure:4678: checking for x86_64-pc-linux-gnu-gcc
configure:4705: result: gcc
configure:4974: checking for C compiler version
configure:4983: gcc --version >&5
gcc (Debian 14.2.0-19) 14.2.0
Copyright (C) 2024 Free Software Foundation, Inc.
This is free software; see the source for copying conditions.  There is NO
warranty; not even for MERCHANTABILITY or FITNESS FOR A PARTICULAR PURPOSE.

configure:4994: $? = 0
configure:4983: gcc -v >&5
Using built-in specs.
COLLECT_GCC=gcc
COLLECT_LTO_WRAPPER=/usr/libexec/gcc/x86_64-linux-gnu/14/lto-wrapper
OFFLOAD_TARGET_NAMES=nvptx-none:amdgcn-amdhsa
OFFLOAD_TARGET_DEFAULT=1
Target: x86_64-linux-gnu
Configured with: ../src/configure -v --with-pkgversion='Debian 14.2.0-19' --with-bugurl=file:///usr/share/doc/gcc-14/README.Bugs --enable-languages=c,ada,c++,go,d,fortran,objc,obj-c++,m2,rust --prefix=/usr --with-gcc-major-version-only --program-suffix=-14 --program-prefix=x86_64-linux-gnu- --enable-shared --enable-linker-build-id --libexecdir=/usr/libexec --without-included-gettext --enable-threads=posix --libdir=/usr/lib --enable-nls --enable-bootstrap --enable-clocale=gnu --enable-libstdcxx-debug --enable-libstdcxx-time=yes --with-default-libstdcxx-abi=new --enable-libstdcxx-backtrace --enable-gnu-unique-object --disable-vtable-verify --enable-plugin --enable-default-pie --with-system-zlib --enable-libphobos-checking=release --with-target-system-zlib=auto --enable-objc-gc=auto --enable-multiarch --disable-werror --enable-cet --with-arch-32=i686 --with-abi=m64 --with-multilib-list=m32,m64,mx32 --enable-multilib --with-tune=generic --enable-offload-targets=nvptx-none=/build/reproducible-path/gcc-14-14.2.0/debian/tmp-nvptx/usr,amdgcn-amdhsa=/build/reproducible-path/gcc-14-14.2.0/debian/tmp-gcn/usr --enable-offload-defaulted --without-cuda-driver --enable-checking=release --build=x86_64-linux-gnu --host=x86_64-linux-gnu --target=x86_64-linux-gnu --with-build-config=bootstrap-lto-lean --enable-link-serialization=3
Thread model: posix
Supported LTO compression algorithms: zlib zstd
gcc version 14.2.0 (Debian 14.2.0-19) 
... rest of stderr output deleted ...
configure:4994: $? = 0
configure:4983: gcc -V >&5
gcc: error: unrecognized command-line option '-V'
gcc: fatal error: no input files
compilation terminated.
configure:4994: $? = 1
configure:4983: gcc -qversion >&5
gcc: error: unrecognized command-line option '-qversion'; did you mean '--version'?
gcc: fatal error: no input files
compilation terminated.
configure:4994: $? = 1
configure:4998: checking whether we are using the GNU C compiler
configure:5026: result: yes
configure:5035: checking whether gcc accepts -g
configure:5096: result: yes
configure:5113: checking for gcc option to accept ISO C89
configure:5189: result: none needed
configure:5214: checking whether gcc understands -c and -o together
configure:5251: result: yes
configure:5270: checking dependency style of gcc
configure:5381: result: gcc3
configure:5508: checking for C++ compiler version
configure:5517: g++ --version >&5
g++ (Debian 14.2.0-19) 14.2.0
Copyright (C) 2024 Free Software Foundation, Inc.
This is free software; see the source for copying conditions.  There is NO
warranty; not even for MERCHANTABILITY or FITNESS FOR A PARTICULAR PURPOSE.

configure:5528: $? = 0
configure:5517: g++ -v >&5
Using built-in specs.
COLLECT_GCC=g++
COLLECT_LTO_WRAPPER=/usr/libexec/gcc/x86_64-linux-gnu/14/lto-wrapper
OFFLOAD_TARGET_NAMES=nvptx-none:amdgcn-amdhsa
OFFLOAD_TARGET_DEFAULT=1
Target: x86_64-linux-gnu
Configured with: ../src/configure -v --with-pkgversion='Debian 14.2.0-19' --with-bugurl=file:///usr/share/doc/gcc-14/README.Bugs --enable-languages=c,ada,c++,go,d,fortran,objc,obj-c++,m2,rust --prefix=/usr --with-gcc-major-version-only --program-suffix=-14 --program-prefix=x86_64-linux-gnu- --enable-shared --enable-linker-build-id --libexecdir=/usr/libexec --without-included-gettext --enable-threads=posix --libdir=/usr/lib --enable-nls --enable-bootstrap --enable-clocale=gnu --enable-libstdcxx-debug --enable-libstdcxx-time=yes --with-default-libstdcxx-abi=new --enable-libstdcxx-backtrace --enable-gnu-unique-object --disable-vtable-verify --enable-plugin --enable-default-pie --with-system-zlib --enable-libphobos-checking=release --with-target-system-zlib=auto --enable-objc-gc=auto --enable-multiarch --disable-werror --enable-cet --with-arch-32=i686 --with-abi=m64 --with-multilib-list=m32,m64,mx32 --enable-multilib --with-tune=generic --enable-offload-targets=nvptx-none=/build/reproducible-path/gcc-14-14.2.0/debian/tmp-nvptx/usr,amdgcn-amdhsa=/build/reproducible-path/gcc-14-14.2.0/debian/tmp-gcn/usr --enable-offload-defaulted --without-cuda-driver --enable-checking=release --build=x86_64-linux-gnu --host=x86_64-linux-gnu --target=x86_64-linux-gnu --with-build-config=bootstrap-lto-lean --enable-link-serialization=3
Thread model: posix
Supported LTO compression algorithms: zlib zstd
gcc version 14.2.0 (Debian 14.2.0-19) 
... rest of stderr output deleted ...
configure:5528: $? = 0
configure:5517: g++ -V >&5
g++: error: unrecognized command-line option '-V'
g++: fatal error: no input files
compilation terminated.
configure:5528: $? = 1
configure:5517: g++ -qversion >&5
g++: error: unrecognized command-line option '-qversion'; did you mean '--version'?
g++: fatal error: no input files
compilation terminated.
configure:5528: $? = 1
configure:5532: checking whether we are using the GNU C++ compiler
configure:5551: g++ -c -g -O2      conftest.cpp >&5
configure:5551: $? = 0
configure:5560: result: yes
configure:5569: checking whether g++ accepts -g
configure:5589: g++ -c -g  conftest.cpp >&5
configure:5589: $? = 0
configure:5630: result: yes
configure:5655: checking dependency style of g++
configure:5766: result: gcc3
configure:5785: checking for x86_64-pc-linux-gnu-ranlib
configure:5812: result: ranlib --plugin /usr/libexec/gcc/x86_64-linux-gnu/14/liblto_plugin.so
configure:5879: checking for x86_64-pc-linux-gnu-ar
configure:5906: result: ar --plugin /usr/libexec/gcc/x86_64-linux-gnu/14/liblto_plugin.so
configure:5976: checking the archiver (ar --plugin /usr/libexec/gcc/x86_64-linux-gnu/14/liblto_plugin.so) interface
configure:5992: gcc -c -g -O2      conftest.c >&5
configure:5992: $? = 0
configure:5994: ar --plugin /usr/libexec/gcc/x86_64-linux-gnu/14/liblto_plugin.so cru libconftest.a conftest.o >&5
ar: `u' modifier ignored since `D' is the default (see `U')
configure:5997: $? = 0
configure:6025: result: ar
configure:6050: checking for bison
configure:6077: result: /home/liv/Projects/ChoccyNix/autotar/source/binutils/binutils-2.45/missing bison
configure:6096: checking for bison 3.0.4 or newer
configure:6108: result: v. ?.??, bad
configure:6194: checking how to print strings
configure:6221: result: printf
configure:6242: checking for a sed that does not truncate output
configure:6306: result: /usr/bin/sed
configure:6324: checking for fgrep
configure:6386: result: /usr/bin/grep -F
configure:6421: checking for ld used by gcc
configure:6488: result: ld
configure:6495: checking if the linker (ld) is GNU ld
configure:6510: result: yes
configure:6522: checking for BSD- or MS-compatible name lister (nm)
configure:6578: result: /usr/bin/nm -B
configure:6708: checking the name lister (/usr/bin/nm -B) interface
configure:6715: gcc -c -g -O2      conftest.c >&5
configure:6718: /usr/bin/nm -B "conftest.o"
configure:6721: output
0000000000000000 B some_variable
configure:6728: result: BSD nm
configure:6731: checking whether ln -s works
configure:6735: result: yes
configure:6743: checking the maximum length of command line arguments
configure:6868: result: 1572864
configure:6885: checking whether the shell understands some XSI constructs
configure:6895: result: yes
configure:6899: checking whether the shell understands "+="
configure:6905: result: yes
configure:6940: checking for ld option to reload object files
configure:6947: result: -r
configure:6976: checking for x86_64-pc-linux-gnu-objdump
configure:7003: result: objdump
configure:7075: checking how to recognize dependent libraries
configure:7281: result: pass_all
configure:7314: checking for x86_64-pc-linux-gnu-ar
configure:7341: result: ar --plugin /usr/libexec/gcc/x86_64-linux-gnu/14/liblto_plugin.so
configure:7432: checking for x86_64-pc-linux-gnu-strip
configure:7462: result: no
configure:7472: checking for strip
configure:7488: found /usr/bin/strip
configure:7499: result: strip
configure:7531: checking for x86_64-pc-linux-gnu-ranlib
configure:7558: result: ranlib --plugin /usr/libexec/gcc/x86_64-linux-gnu/14/liblto_plugin.so
configure:7705: checking command to parse /usr/bin/nm -B output from gcc object
configure:7823: gcc -c -g -O2      conftest.c >&5
configure:7826: $? = 0
configure:7830: /usr/bin/nm -B conftest.o \| sed -n -e 's/^.*[ ]\([ABCDGIRSTW][ABCDGIRSTW]*\)[ ][ ]*\([_A-Za-z][_A-Za-z0-9]*\)$/\1 \2 \2/p' \> conftest.nm
configure:7833: $? = 0
configure:7887: gcc -o conftest -g -O2        conftest.c conftstm.o >&5
configure:7890: $? = 0
configure:7928: result: ok
configure:8023: gcc -c -g -O2      conftest.c >&5
configure:8026: $? = 0
configure:8778: checking for dlfcn.h
configure:8778: gcc -c -g -O2      conftest.c >&5
configure:8778: $? = 0
configure:8778: result: yes
configure:8936: checking for objdir
configure:8951: result: .libs
configure:9222: checking if gcc supports -fno-rtti -fno-exceptions
configure:9240: gcc -c -g -O2      -fno-rtti -fno-exceptions conftest.c >&5
cc1: warning: command-line option '-fno-rtti' is valid for C++/D/ObjC++ but not for C
configure:9244: $? = 0
configure:9257: result: no
configure:9277: checking for gcc option to produce PIC
configure:9563: result: -fPIC -DPIC
configure:9575: checking if gcc PIC flag -fPIC -DPIC works
configure:9593: gcc -c -g -O2      -fPIC -DPIC -DPIC conftest.c >&5
configure:9597: $? = 0
configure:9610: result: yes
configure:9634: checking if gcc static flag -static works
configure:9662: result: yes
configure:9677: checking if gcc supports -c -o file.o
configure:9698: gcc -c -g -O2      -o out/conftest2.o conftest.c >&5
configure:9702: $? = 0
configure:9724: result: yes
configure:9732: checking if gcc supports -c -o file.o
configure:9779: result: yes
configure:9812: checking whether the gcc linker (ld -m elf_x86_64) supports shared libraries
configure:10883: result: yes
configure:10920: checking whether -lc should be explicitly linked in
configure:10928: gcc -c -g -O2      conftest.c >&5
configure:10931: $? = 0
configure:10946: gcc -shared  -fPIC -DPIC conftest.o  -v -Wl,-soname -Wl,conftest -o conftest 2\>\&1 \| /usr/bin/grep  -lc  \>/dev/null 2\>\&1
configure:10949: $? = 0
configure:10963: result: no
configure:11128: checking dynamic linker characteristics
configure:11574: gcc -o conftest -g -O2        -Wl,-rpath -Wl,/foo conftest.c  >&5
configure:11574: $? = 0
configure:11815: result: GNU/Linux ld.so
configure:11922: checking how to hardcode library paths into programs
configure:11947: result: immediate
configure:12487: checking whether stripping libraries is possible
configure:12492: result: yes
configure:12527: checking if libtool supports shared libraries
configure:12529: result: yes
configure:12532: checking whether to build shared libraries
configure:12553: result: yes
configure:12556: checking whether to build static libraries
configure:12560: result: yes
configure:12583: checking how to run the C++ preprocessor
configure:12610: g++ -E  conftest.cpp
configure:12610: $? = 0
configure:12624: g++ -E  conftest.cpp
conftest.cpp:28:10: fatal error: ac_nonexistent.h: No such file or directory
   28 | #include <ac_nonexistent.h>
      |          ^~~~~~~~~~~~~~~~~~
compilation terminated.
configure:12624: $? = 1
configure: failed program was:
| /* confdefs.h */
| #define PACKAGE_NAME "gprofng"
| #define PACKAGE_TARNAME "gprofng"
| #define PACKAGE_VERSION "2.45"
| #define PACKAGE_STRING "gprofng 2.45"
| #define PACKAGE_BUGREPORT ""
| #define PACKAGE_URL ""
| #define PACKAGE "gprofng"
| #define VERSION "2.45"
| #define STDC_HEADERS 1
| #define HAVE_SYS_TYPES_H 1
| #define HAVE_SYS_STAT_H 1
| #define HAVE_STDLIB_H 1
| #define HAVE_STRING_H 1
| #define HAVE_MEMORY_H 1
| #define HAVE_STRINGS_H 1
| #define HAVE_INTTYPES_H 1
| #define HAVE_STDINT_H 1
| #define HAVE_UNISTD_H 1
| #define __EXTENSIONS__ 1
| #define _ALL_SOURCE 1
| #define _GNU_SOURCE 1
| #define _POSIX_PTHREAD_SEMANTICS 1
| #define _TANDEM_SOURCE 1
| #define HAVE_DLFCN_H 1
| #define LT_OBJDIR ".libs/"
| /* end confdefs.h.  */
| #include <ac_nonexistent.h>
configure:12649: result: g++ -E
configure:12669: g++ -E  conftest.cpp
configure:12669: $? = 0
configure:12683: g++ -E  conftest.cpp
conftest.cpp:28:10: fatal error: ac_nonexistent.h: No such file or directory
   28 | #include <ac_nonexistent.h>
      |          ^~~~~~~~~~~~~~~~~~
compilation terminated.
configure:12683: $? = 1
configure: failed program was:
| /* confdefs.h */
| #define PACKAGE_NAME "gprofng"
| #define PACKAGE_TARNAME "gprofng"
| #define PACKAGE_VERSION "2.45"
| #define PACKAGE_STRING "gprofng 2.45"
| #define PACKAGE_BUGREPORT ""
| #define PACKAGE_URL ""
| #define PACKAGE "gprofng"
| #define VERSION "2.45"
| #define STDC_HEADERS 1
| #define HAVE_SYS_TYPES_H 1
| #define HAVE_SYS_STAT_H 1
| #define HAVE_STDLIB_H 1
| #define HAVE_STRING_H 1
| #define HAVE_MEMORY_H 1
| #define HAVE_STRINGS_H 1
| #define HAVE_INTTYPES_H 1
| #define HAVE_STDINT_H 1
| #define HAVE_UNISTD_H 1
| #define __EXTENSIONS__ 1
| #define _ALL_SOURCE 1
| #define _GNU_SOURCE 1
| #define _POSIX_PTHREAD_SEMANTICS 1
| #define _TANDEM_SOURCE 1
| #define HAVE_DLFCN_H 1
| #define LT_OBJDIR ".libs/"
| /* end confdefs.h.  */
| #include <ac_nonexistent.h>
configure:12851: checking for ld used by g++
configure:12918: result: ld -m elf_x86_64
configure:12925: checking if the linker (ld -m elf_x86_64) is GNU ld
configure:12940: result: yes
configure:12995: checking whether the g++ linker (ld -m elf_x86_64) supports shared libraries
configure:13928: result: yes
configure:13956: g++ -c -g -O2      conftest.cpp >&5
configure:13959: $? = 0
configure:14141: checking for g++ option to produce PIC
configure:14464: result: -fPIC -DPIC
configure:14473: checking if g++ PIC flag -fPIC -DPIC works
configure:14491: g++ -c -g -O2      -fPIC -DPIC -DPIC conftest.cpp >&5
configure:14495: $? = 0
configure:14508: result: yes
configure:14529: checking if g++ static flag -static works
configure:14557: result: yes
configure:14569: checking if g++ supports -c -o file.o
configure:14590: g++ -c -g -O2      -o out/conftest2.o conftest.cpp >&5
configure:14594: $? = 0
configure:14616: result: yes
configure:14621: checking if g++ supports -c -o file.o
configure:14668: result: yes
configure:14698: checking whether the g++ linker (ld -m elf_x86_64) supports shared libraries
configure:14726: result: yes
configure:14869: checking dynamic linker characteristics
configure:15490: result: GNU/Linux ld.so
configure:15543: checking how to hardcode library paths into programs
configure:15568: result: immediate
configure:15626: checking whether byte ordering is bigendian
configure:15641: gcc -c -g -O2      conftest.c >&5
conftest.c:29:16: error: unknown type name 'not'
   29 |                not a universal capable compiler
      |                ^~~
conftest.c:29:22: error: expected '=', ',', ';', 'asm' or '__attribute__' before 'universal'
   29 |                not a universal capable compiler
      |                      ^~~~~~~~~
conftest.c:29:22: error: unknown type name 'universal'
configure:15641: $? = 1
configure: failed program was:
| /* confdefs.h */
| #define PACKAGE_NAME "gprofng"
| #define PACKAGE_TARNAME "gprofng"
| #define PACKAGE_VERSION "2.45"
| #define PACKAGE_STRING "gprofng 2.45"
| #define PACKAGE_BUGREPORT ""
| #define PACKAGE_URL ""
| #define PACKAGE "gprofng"
| #define VERSION "2.45"
| #define STDC_HEADERS 1
| #define HAVE_SYS_TYPES_H 1
| #define HAVE_SYS_STAT_H 1
| #define HAVE_STDLIB_H 1
| #define HAVE_STRING_H 1
| #define HAVE_MEMORY_H 1
| #define HAVE_STRINGS_H 1
| #define HAVE_INTTYPES_H 1
| #define HAVE_STDINT_H 1
| #define HAVE_UNISTD_H 1
| #define __EXTENSIONS__ 1
| #define _ALL_SOURCE 1
| #define _GNU_SOURCE 1
| #define _POSIX_PTHREAD_SEMANTICS 1
| #define _TANDEM_SOURCE 1
| #define HAVE_DLFCN_H 1
| #define LT_OBJDIR ".libs/"
| /* end confdefs.h.  */
| #ifndef __APPLE_CC__
| 	       not a universal capable compiler
| 	     #endif
| 	     typedef int dummy;
| 
configure:15686: gcc -c -g -O2      conftest.c >&5
configure:15686: $? = 0
configure:15704: gcc -c -g -O2      conftest.c >&5
conftest.c: In function 'main':
conftest.c:35:18: error: unknown type name 'not'; did you mean 'ino_t'?
   35 |                  not big endian
      |                  ^~~
      |                  ino_t
conftest.c:35:26: error: expected '=', ',', ';', 'asm' or '__attribute__' before 'endian'
   35 |                  not big endian
      |                          ^~~~~~
configure:15704: $? = 1
configure: failed program was:
| /* confdefs.h */
| #define PACKAGE_NAME "gprofng"
| #define PACKAGE_TARNAME "gprofng"
| #define PACKAGE_VERSION "2.45"
| #define PACKAGE_STRING "gprofng 2.45"
| #define PACKAGE_BUGREPORT ""
| #define PACKAGE_URL ""
| #define PACKAGE "gprofng"
| #define VERSION "2.45"
| #define STDC_HEADERS 1
| #define HAVE_SYS_TYPES_H 1
| #define HAVE_SYS_STAT_H 1
| #define HAVE_STDLIB_H 1
| #define HAVE_STRING_H 1
| #define HAVE_MEMORY_H 1
| #define HAVE_STRINGS_H 1
| #define HAVE_INTTYPES_H 1
| #define HAVE_STDINT_H 1
| #define HAVE_UNISTD_H 1
| #define __EXTENSIONS__ 1
| #define _ALL_SOURCE 1
| #define _GNU_SOURCE 1
| #define _POSIX_PTHREAD_SEMANTICS 1
| #define _TANDEM_SOURCE 1
| #define HAVE_DLFCN_H 1
| #define LT_OBJDIR ".libs/"
| /* end confdefs.h.  */
| #include <sys/types.h>
| 		#include <sys/param.h>
| 
| int
| main ()
| {
| #if BYTE_ORDER != BIG_ENDIAN
| 		 not big endian
| 		#endif
| 
|   ;
|   return 0;
| }
configure:15832: result: no
configure:15902: checking whether gcc supports -Wall
configure:15919: gcc -c -Wall  conftest.c >&5
configure:15919: $? = 0
configure:15928: result: yes
configure:15959: checking whether gcc supports -Wswitch
configure:15976: gcc -c -Wswitch  conftest.c >&5
configure:15976: $? = 0
configure:15985: result: yes
configure:16233: checking whether gcc is Clang
configure:16258: result: no
configure:16381: checking whether pthreads work with -pthread
configure:16475: gcc -o conftest -g -O2     -pthread    conftest.c   >&5
configure:16475: $? = 0
configure:16484: result: yes
configure:16503: checking for joinable pthread attribute
configure:16521: gcc -o conftest -g -O2     -pthread    conftest.c   >&5

## ---------------- ##
## Cache variables. ##
## ---------------- ##

ac_cv_build=x86_64-pc-linux-gnu
ac_cv_c_bigendian=no
ac_cv_c_compiler_gnu=yes
ac_cv_cxx_compiler_gnu=yes
ac_cv_env_CCC_set=
ac_cv_env_CCC_value=
ac_cv_env_CC_set=set
ac_cv_env_CC_value=gcc
ac_cv_env_CFLAGS_set=set
ac_cv_env_CFLAGS_value='-g -O2    '
ac_cv_env_CPPFLAGS_set=
ac_cv_env_CPPFLAGS_value=
ac_cv_env_CPP_set=
ac_cv_env_CPP_value=
ac_cv_env_CXXCPP_set=
ac_cv_env_CXXCPP_value=
ac_cv_env_CXXFLAGS_set=set
ac_cv_env_CXXFLAGS_value='-g -O2    '
ac_cv_env_CXX_set=set
ac_cv_env_CXX_value=g++
ac_cv_env_LDFLAGS_set=set
ac_cv_env_LDFLAGS_value=' '
ac_cv_env_LIBS_set=
ac_cv_env_LIBS_value=
ac_cv_env_build_alias_set=set
ac_cv_env_build_alias_value=x86_64-pc-linux-gnu
ac_cv_env_host_alias_set=set
ac_cv_env_host_alias_value=x86_64-pc-linux-gnu
ac_cv_env_target_alias_set=set
ac_cv_env_target_alias_value=x86_64-pc-linux-gnu
ac_cv_header_dlfcn_h=yes
ac_cv_header_inttypes_h=yes
ac_cv_header_memory_h=yes
ac_cv_header_minix_config_h=no
ac_cv_header_stdc=yes
ac_cv_header_stdint_h=yes
ac_cv_header_stdlib_h=yes
ac_cv_header_string_h=yes
ac_cv_header_strings_h=yes
ac_cv_header_sys_stat_h=yes
ac_cv_header_sys_types_h=yes
ac_cv_header_unistd_h=yes
ac_cv_host=x86_64-pc-linux-gnu
ac_cv_objext=o
ac_cv_path_EGREP='/usr/bin/grep -E'
ac_cv_path_FGREP='/usr/bin/grep -F'
ac_cv_path_GREP=/usr/bin/grep
ac_cv_path_SED=/usr/bin/sed
ac_cv_path_mkdir=/usr/bin/mkdir
ac_cv_prog_AR='ar --plugin /usr/libexec/gcc/x86_64-linux-gnu/14/liblto_plugin.so'
ac_cv_prog_AWK=mawk
ac_cv_prog_BISON='/home/liv/Projects/ChoccyNix/autotar/source/binutils/binutils-2.45/missing bison'
ac_cv_prog_CC=gcc
ac_cv_prog_CPP='gcc -E'
ac_cv_prog_CXXCPP='g++ -E'
ac_cv_prog_OBJDUMP=objdump
ac_cv_prog_RANLIB='ranlib --plugin /usr/libexec/gcc/x86_64-linux-gnu/14/liblto_plugin.so'
ac_cv_prog_ac_ct_STRIP=strip
ac_cv_prog_cc_c89=
ac_cv_prog_cc_g=yes
ac_cv_prog_cxx_g=yes
ac_cv_prog_make_make_set=yes
ac_cv_safe_to_define___extensions__=yes
ac_cv_target=x86_64-pc-linux-gnu
acx_cv_prog_cc_warning__Wall=yes
acx_cv_prog_cc_warning__Wswitch=yes
am_cv_CC_dependencies_compiler_type=gcc3
am_cv_CXX_dependencies_compiler_type=gcc3
am_cv_ar_interface=ar
am_cv_make_support_nested_variables=yes
am_cv_prog_cc_c_o=yes
ax_cv_PTHREAD_CLANG=no
ax_cv_PTHREAD_JOINABLE_ATTR=unknown
lt_cv_archive_cmds_need_lc=no
lt_cv_deplibs_check_method=pass_all
lt_cv_file_magic_cmd='$MAGIC_CMD'
lt_cv_file_magic_test_file=
lt_cv_ld_reload_flag=-r
lt_cv_nm_interface='BSD nm'
lt_cv_objdir=.libs
lt_cv_path_LD=ld
lt_cv_path_LDCXX='ld -m elf_x86_64'
lt_cv_path_NM='/usr/bin/nm -B'
lt_cv_prog_compiler_c_o=yes
lt_cv_prog_compiler_c_o_CXX=yes
lt_cv_prog_compiler_pic_works=yes
lt_cv_prog_compiler_pic_works_CXX=yes
lt_cv_prog_compiler_rtti_exceptions=no
lt_cv_prog_compiler_static_works=yes
lt_cv_prog_compiler_static_works_CXX=yes
lt_cv_prog_gnu_ld=yes
lt_cv_prog_gnu_ldcxx=yes
lt_cv_shlibpath_overrides_runpath=yes
lt_cv_sys_global_symbol_pipe='sed -n -e '\''s/^.*[	 ]\([ABCDGIRSTW][ABCDGIRSTW]*\)[	 ][	 ]*\([_A-Za-z][_A-Za-z0-9]*\)$/\1 \2 \2/p'\'''
lt_cv_sys_global_symbol_to_c_name_address='sed -n -e '\''s/^: \([^ ]*\) $/  {\"\1\", (void *) 0},/p'\'' -e '\''s/^[ABCDGIRSTW]* \([^ ]*\) \([^ ]*\)$/  {"\2", (void *) \&\2},/p'\'''
lt_cv_sys_global_symbol_to_c_name_address_lib_prefix='sed -n -e '\''s/^: \([^ ]*\) $/  {\"\1\", (void *) 0},/p'\'' -e '\''s/^[ABCDGIRSTW]* \([^ ]*\) \(lib[^ ]*\)$/  {"\2", (void *) \&\2},/p'\'' -e '\''s/^[ABCDGIRSTW]* \([^ ]*\) \([^ ]*\)$/  {"lib\2", (void *) \&\2},/p'\'''
lt_cv_sys_global_symbol_to_cdecl='sed -n -e '\''s/^T .* \(.*\)$/extern int \1();/p'\'' -e '\''s/^[ABCDGIRSTW]* .* \(.*\)$/extern char \1;/p'\'''
lt_cv_sys_max_cmd_len=1572864

## ----------------- ##
## Output variables. ##
## ----------------- ##

ACLOCAL='${SHELL} /home/liv/Projects/ChoccyNix/autotar/source/binutils/binutils-2.45/missing aclocal-1.15'
AMDEPBACKSLASH='\'
AMDEP_FALSE='#'
AMDEP_TRUE=''
AMTAR='$${TAR-tar}'
AM_BACKSLASH='\'
AM_DEFAULT_V='$(AM_DEFAULT_VERBOSITY)'
AM_DEFAULT_VERBOSITY='1'
AM_V='$(V)'
AR='ar --plugin /usr/libexec/gcc/x86_64-linux-gnu/14/liblto_plugin.so --plugin /usr/libexec/gcc/x86_64-linux-gnu/14/liblto_plugin.so'
AUTOCONF='${SHELL} /home/liv/Projects/ChoccyNix/autotar/source/binutils/binutils-2.45/missing autoconf'
AUTOHEADER='${SHELL} /home/liv/Projects/ChoccyNix/autotar/source/binutils/binutils-2.45/missing autoheader'
AUTOMAKE='${SHELL} /home/liv/Projects/ChoccyNix/autotar/source/binutils/binutils-2.45/missing automake-1.15'
AWK='mawk'
BASH='/bin/bash'
BISON=':'
BUILD_COLLECTOR_FALSE='#'
BUILD_COLLECTOR_TRUE=''
BUILD_DOC_FALSE=''
BUILD_DOC_TRUE=''
BUILD_MAN_FALSE=''
BUILD_MAN_TRUE=''
BUILD_SRC_FALSE='#'
BUILD_SRC_TRUE=''
BUILD_SUBDIRS=''
CC='gcc'
CCDEPMODE='depmode=gcc3'
CFLAGS='-g -O2     -pthread'
CLOCK_GETTIME_LINK=''
CPP='gcc -E'
CPPFLAGS=''
CXX='g++'
CXXCPP='g++ -E'
CXXDEPMODE='depmode=gcc3'
CXXFLAGS='-g -O2    '
CYGPATH_W='echo'
DEFS=''
DEPDIR='.deps'
DSYMUTIL='dsymutil'
DUMPBIN=''
ECHO_C=''
ECHO_N='-n'
ECHO_T=''
EGREP='/usr/bin/grep -E'
EXEEXT=''
EXPECT='expect'
FGREP='/usr/bin/grep -F'
GPROFNG_BROKEN_JAVAC=''
GPROFNG_CFLAGS=''
GPROFNG_CPPFLAGS=''
GPROFNG_LIBADD='-L../../libiberty/pic -liberty'
GPROFNG_NO_FORMAT_TRUNCATION_CFLAGS=''
GPROFNG_NO_SWITCH_CFLAGS='-Wno-switch'
GREP='/usr/bin/grep'
INSTALL_DATA='/usr/bin/install -c -m 644'
INSTALL_PROGRAM='/usr/bin/install -c'
INSTALL_SCRIPT='/usr/bin/install -c'
INSTALL_STRIP_PROGRAM='$(install_sh) -c -s'
JAVA=''
JAVAC=''
LD='ld -m elf_x86_64'
LDFLAGS=' '
LD_NO_AS_NEEDED=''
LIBOBJS=''
LIBS=' '
LIBTOOL='$(SHELL) $(top_builddir)/libtool'
LIPO=''
LN_S='ln -s'
LTLIBOBJS=''
MAINT='#'
MAINTAINER_MODE_FALSE=''
MAINTAINER_MODE_TRUE='#'
MAKEINFO='/home/liv/Projects/ChoccyNix/autotar/source/binutils/binutils-2.45/missing makeinfo --split-size=5000000'
MKDIR_P='/usr/bin/mkdir -p'
NM='/usr/bin/nm -B'
NMEDIT=''
OBJDUMP='objdump'
OBJEXT='o'
OTOOL64=''
OTOOL='otool'
PACKAGE='gprofng'
PACKAGE_BUGREPORT=''
PACKAGE_NAME='gprofng'
PACKAGE_STRING='gprofng 2.45'
PACKAGE_TARNAME='gprofng'
PACKAGE_URL=''
PACKAGE_VERSION='2.45'
PATH_SEPARATOR=':'
PTHREAD_CC=''
PTHREAD_CFLAGS='-pthread'
PTHREAD_LIBS=''
RANLIB='ranlib --plugin /usr/libexec/gcc/x86_64-linux-gnu/14/liblto_plugin.so --plugin /usr/libexec/gcc/x86_64-linux-gnu/14/liblto_plugin.so'
SED='/usr/bin/sed'
SET_MAKE=''
SHELL='/bin/bash'
STRIP='strip'
TCL_TRY_FALSE=''
TCL_TRY_TRUE=''
VERSION='2.45'
WERROR=''
ac_ct_AR=''
ac_ct_CC=''
ac_ct_CXX=''
ac_ct_DUMPBIN=''
am__EXEEXT_FALSE=''
am__EXEEXT_TRUE=''
am__fastdepCC_FALSE='#'
am__fastdepCC_TRUE=''
am__fastdepCXX_FALSE='#'
am__fastdepCXX_TRUE=''
am__include='include'
am__isrc=' -I$(srcdir)'
am__leading_dot='.'
am__nodep='_no'
am__quote=''
am__tar='$${TAR-tar} chof - "$$tardir"'
am__untar='$${TAR-tar} xf -'
ax_pthread_config=''
bindir='${exec_prefix}/bin'
build='x86_64-pc-linux-gnu'
build_alias='x86_64-pc-linux-gnu'
build_cpu='x86_64'
build_os='linux-gnu'
build_vendor='pc'
datadir='${datarootdir}'
datarootdir='${prefix}/share'
docdir='${datarootdir}/doc/${PACKAGE_TARNAME}'
dvidir='${docdir}'
exec_prefix='NONE'
gprofng_cflags='-Wall'
host='x86_64-pc-linux-gnu'
host_alias='x86_64-pc-linux-gnu'
host_cpu='x86_64'
host_os='linux-gnu'
host_vendor='pc'
htmldir='${docdir}'
includedir='${prefix}/include'
infodir='${datarootdir}/info'
install_sh='${SHELL} /home/liv/Projects/ChoccyNix/autotar/source/binutils/binutils-2.45/install-sh'
jdk_inc=''
libdir='/usr/lib'
libexecdir='${exec_prefix}/libexec'
localedir='${datarootdir}/locale'
localstatedir='${prefix}/var'
mandir='${datarootdir}/man'
mkdir_p='$(MKDIR_P)'
oldincludedir='/usr/include'
pdfdir='${docdir}'
prefix='/usr'
program_transform_name='s,y,y,'
psdir='${docdir}'
sbindir='${exec_prefix}/sbin'
sharedstatedir='${prefix}/com'
subdirs=' libcollector'
sysconfdir='${prefix}/etc'
target='x86_64-pc-linux-gnu'
target_alias='x86_64-pc-linux-gnu'
target_cpu='x86_64'
target_os='linux-gnu'
target_vendor='pc'
zlibdir=''
zlibinc=''

## ----------- ##
## confdefs.h. ##
## ----------- ##

/* confdefs.h */
#define PACKAGE_NAME "gprofng"
#define PACKAGE_TARNAME "gprofng"
#define PACKAGE_VERSION "2.45"
#define PACKAGE_STRING "gprofng 2.45"
#define PACKAGE_BUGREPORT ""
#define PACKAGE_URL ""
#define PACKAGE "gprofng"
#define VERSION "2.45"
#define STDC_HEADERS 1
#define HAVE_SYS_TYPES_H 1
#define HAVE_SYS_STAT_H 1
#define HAVE_STDLIB_H 1
#define HAVE_STRING_H 1
#define HAVE_MEMORY_H 1
#define HAVE_STRINGS_H 1
#define HAVE_INTTYPES_H 1
#define HAVE_STDINT_H 1
#define HAVE_UNISTD_H 1
#define __EXTENSIONS__ 1
#define _ALL_SOURCE 1
#define _GNU_SOURCE 1
#define _POSIX_PTHREAD_SEMANTICS 1
#define _TANDEM_SOURCE 1
#define HAVE_DLFCN_H 1
#define LT_OBJDIR ".libs/"

configure: caught signal 2
configure: exit 1
