This file contains any messages produced by compilers while
running configure, to aid debugging if configure makes a mistake.

It was created by gas configure 2.45, which was
generated by GNU Autoconf 2.69.  Invocation command line was

  $ /home/liv/Projects/ChoccyNix/autotar/source/binutils/binutils-2.45/gas/configure --srcdir=../../gas --cache-file=./config.cache --with-gnu-as --with-gnu-ld --prefix=/usr --libdir=/usr/lib --enable-shared --disable-multilib --disable-nls --disable-werror --program-transform-name=s,y,y, --disable-option-checking --disable-year2038 --build=x86_64-pc-linux-gnu --host=x86_64-pc-linux-gnu --target=x86_64-pc-linux-gnu

## --------- ##
## Platform. ##
## --------- ##

hostname = snekbian
uname -m = x86_64
uname -r = 6.12.41+deb13-amd64
uname -s = Linux
uname -v = #1 SMP PREEMPT_DYNAMIC Debian 6.12.41-1 (2025-08-12)

/usr/bin/uname -p = unknown
/bin/uname -X     = unknown

/bin/arch              = x86_64
/usr/bin/arch -k       = unknown
/usr/convex/getsysinfo = unknown
/usr/bin/hostinfo      = unknown
/bin/machine           = unknown
/usr/bin/oslevel       = unknown
/bin/universe          = unknown

PATH: /tmp/choccynix/tools/bin
PATH: /usr/bin


## ----------- ##
## Core tests. ##
## ----------- ##

configure:2310: creating cache ./config.cache
configure:2422: checking build system type
configure:2436: result: x86_64-pc-linux-gnu
configure:2456: checking host system type
configure:2469: result: x86_64-pc-linux-gnu
configure:2489: checking target system type
configure:2502: result: x86_64-pc-linux-gnu
configure:2545: checking for a BSD-compatible install
configure:2613: result: /usr/bin/install -c
configure:2624: checking whether build environment is sane
configure:2679: result: yes
configure:2830: checking for a thread-safe mkdir -p
configure:2869: result: /usr/bin/mkdir -p
configure:2876: checking for gawk
configure:2903: result: mawk
configure:2914: checking whether make sets $(MAKE)
configure:2936: result: yes
configure:2965: checking whether make supports nested variables
configure:2982: result: yes
configure:3119: checking whether make supports nested variables
configure:3136: result: yes
configure:3156: checking for x86_64-pc-linux-gnu-gcc
configure:3183: result: gcc
configure:3452: checking for C compiler version
configure:3461: gcc --version >&5
gcc (Debian 14.2.0-19) 14.2.0
Copyright (C) 2024 Free Software Foundation, Inc.
This is free software; see the source for copying conditions.  There is NO
warranty; not even for MERCHANTABILITY or FITNESS FOR A PARTICULAR PURPOSE.

configure:3472: $? = 0
configure:3461: gcc -v >&5
Using built-in specs.
COLLECT_GCC=gcc
COLLECT_LTO_WRAPPER=/usr/libexec/gcc/x86_64-linux-gnu/14/lto-wrapper
OFFLOAD_TARGET_NAMES=nvptx-none:amdgcn-amdhsa
OFFLOAD_TARGET_DEFAULT=1
Target: x86_64-linux-gnu
Configured with: ../src/configure -v --with-pkgversion='Debian 14.2.0-19' --with-bugurl=file:///usr/share/doc/gcc-14/README.Bugs --enable-languages=c,ada,c++,go,d,fortran,objc,obj-c++,m2,rust --prefix=/usr --with-gcc-major-version-only --program-suffix=-14 --program-prefix=x86_64-linux-gnu- --enable-shared --enable-linker-build-id --libexecdir=/usr/libexec --without-included-gettext --enable-threads=posix --libdir=/usr/lib --enable-nls --enable-bootstrap --enable-clocale=gnu --enable-libstdcxx-debug --enable-libstdcxx-time=yes --with-default-libstdcxx-abi=new --enable-libstdcxx-backtrace --enable-gnu-unique-object --disable-vtable-verify --enable-plugin --enable-default-pie --with-system-zlib --enable-libphobos-checking=release --with-target-system-zlib=auto --enable-objc-gc=auto --enable-multiarch --disable-werror --enable-cet --with-arch-32=i686 --with-abi=m64 --with-multilib-list=m32,m64,mx32 --enable-multilib --with-tune=generic --enable-offload-targets=nvptx-none=/build/reproducible-path/gcc-14-14.2.0/debian/tmp-nvptx/usr,amdgcn-amdhsa=/build/reproducible-path/gcc-14-14.2.0/debian/tmp-gcn/usr --enable-offload-defaulted --without-cuda-driver --enable-checking=release --build=x86_64-linux-gnu --host=x86_64-linux-gnu --target=x86_64-linux-gnu --with-build-config=bootstrap-lto-lean --enable-link-serialization=3
Thread model: posix
Supported LTO compression algorithms: zlib zstd
gcc version 14.2.0 (Debian 14.2.0-19) 
... rest of stderr output deleted ...
configure:3472: $? = 0
configure:3461: gcc -V >&5
gcc: error: unrecognized command-line option '-V'
gcc: fatal error: no input files
compilation terminated.
configure:3472: $? = 1
configure:3461: gcc -qversion >&5
gcc: error: unrecognized command-line option '-qversion'; did you mean '--version'?
gcc: fatal error: no input files
compilation terminated.
configure:3472: $? = 1
configure:3492: checking whether the C compiler works
configure:3514: gcc -g -O2        conftest.c  >&5
configure:3518: $? = 0
configure:3566: result: yes
configure:3569: checking for C compiler default output file name
configure:3571: result: a.out
configure:3577: checking for suffix of executables
configure:3584: gcc -o conftest -g -O2        conftest.c  >&5
configure:3588: $? = 0
configure:3610: result: 
configure:3632: checking whether we are cross compiling
configure:3640: gcc -o conftest -g -O2        conftest.c  >&5
configure:3644: $? = 0
configure:3651: ./conftest
configure:3655: $? = 0
configure:3670: result: no
configure:3675: checking for suffix of object files
configure:3697: gcc -c -g -O2      conftest.c >&5
configure:3701: $? = 0
configure:3722: result: o
configure:3726: checking whether we are using the GNU C compiler
configure:3745: gcc -c -g -O2      conftest.c >&5
configure:3745: $? = 0
configure:3754: result: yes
configure:3763: checking whether gcc accepts -g
configure:3783: gcc -c -g  conftest.c >&5
configure:3783: $? = 0
configure:3824: result: yes
configure:3841: checking for gcc option to accept ISO C89
configure:3904: gcc  -c -g -O2      conftest.c >&5
configure:3904: $? = 0
configure:3917: result: none needed
configure:3942: checking whether gcc understands -c and -o together
configure:3964: gcc -c conftest.c -o conftest2.o
configure:3967: $? = 0
configure:3964: gcc -c conftest.c -o conftest2.o
configure:3967: $? = 0
configure:3979: result: yes
configure:4007: checking for style of include used by make
configure:4035: result: GNU
configure:4061: checking dependency style of gcc
configure:4172: result: gcc3
configure:4193: checking how to run the C preprocessor
configure:4224: gcc -E  conftest.c
configure:4224: $? = 0
configure:4238: gcc -E  conftest.c
conftest.c:11:10: fatal error: ac_nonexistent.h: No such file or directory
   11 | #include <ac_nonexistent.h>
      |          ^~~~~~~~~~~~~~~~~~
compilation terminated.
configure:4238: $? = 1
configure: failed program was:
| /* confdefs.h */
| #define PACKAGE_NAME "gas"
| #define PACKAGE_TARNAME "gas"
| #define PACKAGE_VERSION "2.45"
| #define PACKAGE_STRING "gas 2.45"
| #define PACKAGE_BUGREPORT ""
| #define PACKAGE_URL ""
| #define PACKAGE "gas"
| #define VERSION "2.45"
| /* end confdefs.h.  */
| #include <ac_nonexistent.h>
configure:4263: result: gcc -E
configure:4283: gcc -E  conftest.c
configure:4283: $? = 0
configure:4297: gcc -E  conftest.c
conftest.c:11:10: fatal error: ac_nonexistent.h: No such file or directory
   11 | #include <ac_nonexistent.h>
      |          ^~~~~~~~~~~~~~~~~~
compilation terminated.
configure:4297: $? = 1
configure: failed program was:
| /* confdefs.h */
| #define PACKAGE_NAME "gas"
| #define PACKAGE_TARNAME "gas"
| #define PACKAGE_VERSION "2.45"
| #define PACKAGE_STRING "gas 2.45"
| #define PACKAGE_BUGREPORT ""
| #define PACKAGE_URL ""
| #define PACKAGE "gas"
| #define VERSION "2.45"
| /* end confdefs.h.  */
| #include <ac_nonexistent.h>
configure:4326: checking for grep that handles long lines and -e
configure:4384: result: /usr/bin/grep
configure:4389: checking for egrep
configure:4451: result: /usr/bin/grep -E
configure:4456: checking for ANSI C header files
configure:4476: gcc -c -g -O2      conftest.c >&5
configure:4476: $? = 0
configure:4549: gcc -o conftest -g -O2        conftest.c  >&5
configure:4549: $? = 0
configure:4549: ./conftest
configure:4549: $? = 0
configure:4560: result: yes
configure:4573: checking for sys/types.h
configure:4573: gcc -c -g -O2      conftest.c >&5
configure:4573: $? = 0
configure:4573: result: yes
configure:4573: checking for sys/stat.h
configure:4573: gcc -c -g -O2      conftest.c >&5
configure:4573: $? = 0
configure:4573: result: yes
configure:4573: checking for stdlib.h
configure:4573: gcc -c -g -O2      conftest.c >&5
configure:4573: $? = 0
configure:4573: result: yes
configure:4573: checking for string.h
configure:4573: gcc -c -g -O2      conftest.c >&5
configure:4573: $? = 0
configure:4573: result: yes
configure:4573: checking for memory.h
configure:4573: gcc -c -g -O2      conftest.c >&5
configure:4573: $? = 0
configure:4573: result: yes
configure:4573: checking for strings.h
configure:4573: gcc -c -g -O2      conftest.c >&5
configure:4573: $? = 0
configure:4573: result: yes
configure:4573: checking for inttypes.h
configure:4573: gcc -c -g -O2      conftest.c >&5
configure:4573: $? = 0
configure:4573: result: yes
configure:4573: checking for stdint.h
configure:4573: gcc -c -g -O2      conftest.c >&5
configure:4573: $? = 0
configure:4573: result: yes
configure:4573: checking for unistd.h
configure:4573: gcc -c -g -O2      conftest.c >&5
configure:4573: $? = 0
configure:4573: result: yes
configure:4586: checking minix/config.h usability
configure:4586: gcc -c -g -O2      conftest.c >&5
conftest.c:54:10: fatal error: minix/config.h: No such file or directory
   54 | #include <minix/config.h>
      |          ^~~~~~~~~~~~~~~~
compilation terminated.
configure:4586: $? = 1
configure: failed program was:
| /* confdefs.h */
| #define PACKAGE_NAME "gas"
| #define PACKAGE_TARNAME "gas"
| #define PACKAGE_VERSION "2.45"
| #define PACKAGE_STRING "gas 2.45"
| #define PACKAGE_BUGREPORT ""
| #define PACKAGE_URL ""
| #define PACKAGE "gas"
| #define VERSION "2.45"
| #define STDC_HEADERS 1
| #define HAVE_SYS_TYPES_H 1
| #define HAVE_SYS_STAT_H 1
| #define HAVE_STDLIB_H 1
| #define HAVE_STRING_H 1
| #define HAVE_MEMORY_H 1
| #define HAVE_STRINGS_H 1
| #define HAVE_INTTYPES_H 1
| #define HAVE_STDINT_H 1
| #define HAVE_UNISTD_H 1
| /* end confdefs.h.  */
| #include <stdio.h>
| #ifdef HAVE_SYS_TYPES_H
| # include <sys/types.h>
| #endif
| #ifdef HAVE_SYS_STAT_H
| # include <sys/stat.h>
| #endif
| #ifdef STDC_HEADERS
| # include <stdlib.h>
| # include <stddef.h>
| #else
| # ifdef HAVE_STDLIB_H
| #  include <stdlib.h>
| # endif
| #endif
| #ifdef HAVE_STRING_H
| # if !defined STDC_HEADERS && defined HAVE_MEMORY_H
| #  include <memory.h>
| # endif
| # include <string.h>
| #endif
| #ifdef HAVE_STRINGS_H
| # include <strings.h>
| #endif
| #ifdef HAVE_INTTYPES_H
| # include <inttypes.h>
| #endif
| #ifdef HAVE_STDINT_H
| # include <stdint.h>
| #endif
| #ifdef HAVE_UNISTD_H
| # include <unistd.h>
| #endif
| #include <minix/config.h>
configure:4586: result: no
configure:4586: checking minix/config.h presence
configure:4586: gcc -E  conftest.c
conftest.c:21:10: fatal error: minix/config.h: No such file or directory
   21 | #include <minix/config.h>
      |          ^~~~~~~~~~~~~~~~
compilation terminated.
configure:4586: $? = 1
configure: failed program was:
| /* confdefs.h */
| #define PACKAGE_NAME "gas"
| #define PACKAGE_TARNAME "gas"
| #define PACKAGE_VERSION "2.45"
| #define PACKAGE_STRING "gas 2.45"
| #define PACKAGE_BUGREPORT ""
| #define PACKAGE_URL ""
| #define PACKAGE "gas"
| #define VERSION "2.45"
| #define STDC_HEADERS 1
| #define HAVE_SYS_TYPES_H 1
| #define HAVE_SYS_STAT_H 1
| #define HAVE_STDLIB_H 1
| #define HAVE_STRING_H 1
| #define HAVE_MEMORY_H 1
| #define HAVE_STRINGS_H 1
| #define HAVE_INTTYPES_H 1
| #define HAVE_STDINT_H 1
| #define HAVE_UNISTD_H 1
| /* end confdefs.h.  */
| #include <minix/config.h>
configure:4586: result: no
configure:4586: checking for minix/config.h
configure:4586: result: no
configure:4607: checking whether it is safe to define __EXTENSIONS__
configure:4625: gcc -c -g -O2      conftest.c >&5
configure:4625: $? = 0
configure:4632: result: yes
configure:4693: checking how to print strings
configure:4720: result: printf
configure:4741: checking for a sed that does not truncate output
configure:4805: result: /usr/bin/sed
configure:4823: checking for fgrep
configure:4885: result: /usr/bin/grep -F
configure:4920: checking for ld used by gcc
configure:4987: result: ld
configure:4994: checking if the linker (ld) is GNU ld
configure:5009: result: yes
configure:5021: checking for BSD- or MS-compatible name lister (nm)
configure:5077: result: /usr/bin/nm -B
configure:5207: checking the name lister (/usr/bin/nm -B) interface
configure:5214: gcc -c -g -O2      conftest.c >&5
configure:5217: /usr/bin/nm -B "conftest.o"
configure:5220: output
0000000000000000 B some_variable
configure:5227: result: BSD nm
configure:5230: checking whether ln -s works
configure:5234: result: yes
configure:5242: checking the maximum length of command line arguments
configure:5367: result: 1572864
configure:5384: checking whether the shell understands some XSI constructs
configure:5394: result: yes
configure:5398: checking whether the shell understands "+="
configure:5404: result: yes
configure:5439: checking for ld option to reload object files
configure:5446: result: -r
configure:5475: checking for x86_64-pc-linux-gnu-objdump
configure:5502: result: objdump
configure:5574: checking how to recognize dependent libraries
configure:5780: result: pass_all
configure:5813: checking for x86_64-pc-linux-gnu-ar
configure:5840: result: ar --plugin /usr/libexec/gcc/x86_64-linux-gnu/14/liblto_plugin.so
configure:5931: checking for x86_64-pc-linux-gnu-strip
configure:5961: result: no
configure:5971: checking for strip
configure:5987: found /usr/bin/strip
configure:5998: result: strip
configure:6030: checking for x86_64-pc-linux-gnu-ranlib
configure:6057: result: ranlib --plugin /usr/libexec/gcc/x86_64-linux-gnu/14/liblto_plugin.so
configure:6204: checking command to parse /usr/bin/nm -B output from gcc object
configure:6322: gcc -c -g -O2      conftest.c >&5
configure:6325: $? = 0
configure:6329: /usr/bin/nm -B conftest.o \| sed -n -e 's/^.*[ ]\([ABCDGIRSTW][ABCDGIRSTW]*\)[ ][ ]*\([_A-Za-z][_A-Za-z0-9]*\)$/\1 \2 \2/p' \> conftest.nm
configure:6332: $? = 0
configure:6386: gcc -o conftest -g -O2        conftest.c conftstm.o >&5
configure:6389: $? = 0
configure:6427: result: ok
configure:6522: gcc -c -g -O2      conftest.c >&5
configure:6525: $? = 0
configure:7277: checking for dlfcn.h
configure:7277: gcc -c -g -O2      conftest.c >&5
configure:7277: $? = 0
configure:7277: result: yes
configure:7464: checking for objdir
configure:7479: result: .libs
configure:7750: checking if gcc supports -fno-rtti -fno-exceptions
configure:7768: gcc -c -g -O2      -fno-rtti -fno-exceptions conftest.c >&5
cc1: warning: command-line option '-fno-rtti' is valid for C++/D/ObjC++ but not for C
configure:7772: $? = 0
configure:7785: result: no
configure:7805: checking for gcc option to produce PIC
configure:8091: result: -fPIC -DPIC
configure:8103: checking if gcc PIC flag -fPIC -DPIC works
configure:8121: gcc -c -g -O2      -fPIC -DPIC -DPIC conftest.c >&5
configure:8125: $? = 0
configure:8138: result: yes
configure:8162: checking if gcc static flag -static works
configure:8190: result: yes
configure:8205: checking if gcc supports -c -o file.o
configure:8226: gcc -c -g -O2      -o out/conftest2.o conftest.c >&5
configure:8230: $? = 0
configure:8252: result: yes
configure:8260: checking if gcc supports -c -o file.o
configure:8307: result: yes
configure:8340: checking whether the gcc linker (ld -m elf_x86_64) supports shared libraries
configure:9411: result: yes
configure:9448: checking whether -lc should be explicitly linked in
configure:9456: gcc -c -g -O2      conftest.c >&5
configure:9459: $? = 0
configure:9474: gcc -shared  -fPIC -DPIC conftest.o  -v -Wl,-soname -Wl,conftest -o conftest 2\>\&1 \| /usr/bin/grep  -lc  \>/dev/null 2\>\&1
configure:9477: $? = 0
configure:9491: result: no
configure:9656: checking dynamic linker characteristics
configure:10102: gcc -o conftest -g -O2        -Wl,-rpath -Wl,/foo conftest.c  >&5
configure:10102: $? = 0
configure:10343: result: GNU/Linux ld.so
configure:10450: checking how to hardcode library paths into programs
configure:10475: result: immediate
configure:11015: checking whether stripping libraries is possible
configure:11020: result: yes
configure:11055: checking if libtool supports shared libraries
configure:11057: result: yes
configure:11060: checking whether to build shared libraries
configure:11081: result: yes
configure:11084: checking whether to build static libraries
configure:11088: result: yes
configure:11136: checking for dlfcn.h
configure:11136: result: yes
configure:11149: checking for windows.h
configure:11149: gcc -c -g -O2      conftest.c >&5
conftest.c:63:10: fatal error: windows.h: No such file or directory
   63 | #include <windows.h>
      |          ^~~~~~~~~~~
compilation terminated.
configure:11149: $? = 1
configure: failed program was:
| /* confdefs.h */
| #define PACKAGE_NAME "gas"
| #define PACKAGE_TARNAME "gas"
| #define PACKAGE_VERSION "2.45"
| #define PACKAGE_STRING "gas 2.45"
| #define PACKAGE_BUGREPORT ""
| #define PACKAGE_URL ""
| #define PACKAGE "gas"
| #define VERSION "2.45"
| #define STDC_HEADERS 1
| #define HAVE_SYS_TYPES_H 1
| #define HAVE_SYS_STAT_H 1
| #define HAVE_STDLIB_H 1
| #define HAVE_STRING_H 1
| #define HAVE_MEMORY_H 1
| #define HAVE_STRINGS_H 1
| #define HAVE_INTTYPES_H 1
| #define HAVE_STDINT_H 1
| #define HAVE_UNISTD_H 1
| #define __EXTENSIONS__ 1
| #define _ALL_SOURCE 1
| #define _GNU_SOURCE 1
| #define _POSIX_PTHREAD_SEMANTICS 1
| #define _TANDEM_SOURCE 1
| #define HAVE_DLFCN_H 1
| #define LT_OBJDIR ".libs/"
| #define HAVE_DLFCN_H 1
| /* end confdefs.h.  */
| #include <stdio.h>
| #ifdef HAVE_SYS_TYPES_H
| # include <sys/types.h>
| #endif
| #ifdef HAVE_SYS_STAT_H
| # include <sys/stat.h>
| #endif
| #ifdef STDC_HEADERS
| # include <stdlib.h>
| # include <stddef.h>
| #else
| # ifdef HAVE_STDLIB_H
| #  include <stdlib.h>
| # endif
| #endif
| #ifdef HAVE_STRING_H
| # if !defined STDC_HEADERS && defined HAVE_MEMORY_H
| #  include <memory.h>
| # endif
| # include <string.h>
| #endif
| #ifdef HAVE_STRINGS_H
| # include <strings.h>
| #endif
| #ifdef HAVE_INTTYPES_H
| # include <inttypes.h>
| #endif
| #ifdef HAVE_STDINT_H
| # include <stdint.h>
| #endif
| #ifdef HAVE_UNISTD_H
| # include <unistd.h>
| #endif
| 
| #include <windows.h>
configure:11149: result: no
configure:11176: checking for library containing dlsym
configure:11207: gcc -o conftest -g -O2        conftest.c  >&5
configure:11207: $? = 0
configure:11224: result: none required
configure:11296: checking for special C compiler options needed for large files
configure:11341: result: no
configure:11347: checking for _FILE_OFFSET_BITS value needed for large files
configure:11372: gcc -c -g -O2      conftest.c >&5
configure:11372: $? = 0
configure:11404: result: no
configure:11490: checking how to compare bootstrapped objects
configure:11515: result: cmp --ignore-initial=16 $$f1 $$f2
configure:11858: checking whether byte ordering is bigendian
configure:11873: gcc -c -g -O2      conftest.c >&5
conftest.c:30:16: error: unknown type name 'not'
   30 |                not a universal capable compiler
      |                ^~~
conftest.c:30:22: error: expected '=', ',', ';', 'asm' or '__attribute__' before 'universal'
   30 |                not a universal capable compiler
      |                      ^~~~~~~~~
conftest.c:30:22: error: unknown type name 'universal'
configure:11873: $? = 1
configure: failed program was:
| /* confdefs.h */
| #define PACKAGE_NAME "gas"
| #define PACKAGE_TARNAME "gas"
| #define PACKAGE_VERSION "2.45"
| #define PACKAGE_STRING "gas 2.45"
| #define PACKAGE_BUGREPORT ""
| #define PACKAGE_URL ""
| #define PACKAGE "gas"
| #define VERSION "2.45"
| #define STDC_HEADERS 1
| #define HAVE_SYS_TYPES_H 1
| #define HAVE_SYS_STAT_H 1
| #define HAVE_STDLIB_H 1
| #define HAVE_STRING_H 1
| #define HAVE_MEMORY_H 1
| #define HAVE_STRINGS_H 1
| #define HAVE_INTTYPES_H 1
| #define HAVE_STDINT_H 1
| #define HAVE_UNISTD_H 1
| #define __EXTENSIONS__ 1
| #define _ALL_SOURCE 1
| #define _GNU_SOURCE 1
| #define _POSIX_PTHREAD_SEMANTICS 1
| #define _TANDEM_SOURCE 1
| #define HAVE_DLFCN_H 1
| #define LT_OBJDIR ".libs/"
| #define HAVE_DLFCN_H 1
| /* end confdefs.h.  */
| #ifndef __APPLE_CC__
| 	       not a universal capable compiler
| 	     #endif
| 	     typedef int dummy;
| 
configure:11918: gcc -c -g -O2      conftest.c >&5
configure:11918: $? = 0
configure:11936: gcc -c -g -O2      conftest.c >&5
conftest.c: In function 'main':
conftest.c:36:18: error: unknown type name 'not'; did you mean 'ino_t'?
   36 |                  not big endian
      |                  ^~~
      |                  ino_t
conftest.c:36:26: error: expected '=', ',', ';', 'asm' or '__attribute__' before 'endian'
   36 |                  not big endian
      |                          ^~~~~~
configure:11936: $? = 1
configure: failed program was:
| /* confdefs.h */
| #define PACKAGE_NAME "gas"
| #define PACKAGE_TARNAME "gas"
| #define PACKAGE_VERSION "2.45"
| #define PACKAGE_STRING "gas 2.45"
| #define PACKAGE_BUGREPORT ""
| #define PACKAGE_URL ""
| #define PACKAGE "gas"
| #define VERSION "2.45"
| #define STDC_HEADERS 1
| #define HAVE_SYS_TYPES_H 1
| #define HAVE_SYS_STAT_H 1
| #define HAVE_STDLIB_H 1
| #define HAVE_STRING_H 1
| #define HAVE_MEMORY_H 1
| #define HAVE_STRINGS_H 1
| #define HAVE_INTTYPES_H 1
| #define HAVE_STDINT_H 1
| #define HAVE_UNISTD_H 1
| #define __EXTENSIONS__ 1
| #define _ALL_SOURCE 1
| #define _GNU_SOURCE 1
| #define _POSIX_PTHREAD_SEMANTICS 1
| #define _TANDEM_SOURCE 1
| #define HAVE_DLFCN_H 1
| #define LT_OBJDIR ".libs/"
| #define HAVE_DLFCN_H 1
| /* end confdefs.h.  */
| #include <sys/types.h>
| 		#include <sys/param.h>
| 
| int
| main ()
| {
| #if BYTE_ORDER != BIG_ENDIAN
| 		 not big endian
| 		#endif
| 
|   ;
|   return 0;
| }
configure:12064: result: no
configure:13000: checking for bison
configure:13027: result: /home/liv/Projects/ChoccyNix/autotar/source/binutils/binutils-2.45/missing bison -y
configure:13043: checking for flex
configure:13070: result: /home/liv/Projects/ChoccyNix/autotar/source/binutils/binutils-2.45/missing flex
configure:13218: checking whether NLS is requested
configure:13227: result: no
configure:13265: checking for msgfmt
configure:13296: result: /usr/bin/msgfmt
configure:13305: checking for gmsgfmt
configure:13336: result: /usr/bin/msgfmt
configure:13376: checking for xgettext
configure:13407: result: /usr/bin/xgettext
configure:13447: checking for msgmerge
configure:13477: result: /usr/bin/msgmerge
configure:13552: checking for ld used by GCC
configure:13615: result: ld -m elf_x86_64
configure:13622: checking if the linker (ld -m elf_x86_64) is GNU ld
GNU ld (GNU Binutils for Debian) 2.44
configure:13634: result: yes
configure:13640: checking for shared library run path origin
configure:13653: result: done
configure:14100: checking for CFPreferencesCopyAppValue
configure:14118: gcc -o conftest -g -O2        conftest.c  -Wl,-framework -Wl,CoreFoundation >&5
conftest.c:46:10: fatal error: CoreFoundation/CFPreferences.h: No such file or directory
   46 | #include <CoreFoundation/CFPreferences.h>
      |          ^~~~~~~~~~~~~~~~~~~~~~~~~~~~~~~~
compilation terminated.
configure:14118: $? = 1
configure: failed program was:
| /* confdefs.h */
| #define PACKAGE_NAME "gas"
| #define PACKAGE_TARNAME "gas"
| #define PACKAGE_VERSION "2.45"
| #define PACKAGE_STRING "gas 2.45"
| #define PACKAGE_BUGREPORT ""
| #define PACKAGE_URL ""
| #define PACKAGE "gas"
| #define VERSION "2.45"
| #define STDC_HEADERS 1
| #define HAVE_SYS_TYPES_H 1
| #define HAVE_SYS_STAT_H 1
| #define HAVE_STDLIB_H 1
| #define HAVE_STRING_H 1
| #define HAVE_MEMORY_H 1
| #define HAVE_STRINGS_H 1
| #define HAVE_INTTYPES_H 1
| #define HAVE_STDINT_H 1
| #define HAVE_UNISTD_H 1
| #define __EXTENSIONS__ 1
| #define _ALL_SOURCE 1
| #define _GNU_SOURCE 1
| #define _POSIX_PTHREAD_SEMANTICS 1
| #define _TANDEM_SOURCE 1
| #define HAVE_DLFCN_H 1
| #define LT_OBJDIR ".libs/"
| #define HAVE_DLFCN_H 1
| #define DEFAULT_ARCH "x86_64"
| #define DEFAULT_GENERATE_X86_RELAX_RELOCATIONS 1
| #define DEFAULT_X86_TLS_CHECK 1
| #define DEFAULT_GENERATE_ELF_STT_COMMON 0
| #define DEFAULT_GENERATE_BUILD_NOTES 0
| #define DEFAULT_X86_USED_NOTE 1
| #define DEFAULT_RISCV_ATTR 1
| #define DEFAULT_MIPS_FIX_LOONGSON3_LLSC 0
| #define DEFAULT_FLAG_COMPRESS_DEBUG 1
| #define DEFAULT_COMPRESSED_DEBUG_ALGORITHM COMPRESS_DEBUG_GABI_ZLIB
| #define EMULATIONS 
| #define DEFAULT_EMULATION ""
| #define TARGET_ALIAS "x86_64-pc-linux-gnu"
| #define TARGET_CANONICAL "x86_64-pc-linux-gnu"
| #define TARGET_CPU "x86_64"
| #define TARGET_VENDOR "pc"
| #define TARGET_OS "linux-gnu"
| /* end confdefs.h.  */
| #include <CoreFoundation/CFPreferences.h>
| int
| main ()
| {
| CFPreferencesCopyAppValue(NULL, NULL)
|   ;
|   return 0;
| }
configure:14127: result: no
configure:14134: checking for CFLocaleCopyPreferredLanguages
configure:14152: gcc -o conftest -g -O2        conftest.c  -Wl,-framework -Wl,CoreFoundation >&5
conftest.c:46:10: fatal error: CoreFoundation/CFLocale.h: No such file or directory
   46 | #include <CoreFoundation/CFLocale.h>
      |          ^~~~~~~~~~~~~~~~~~~~~~~~~~~
compilation terminated.
configure:14152: $? = 1
configure: failed program was:
| /* confdefs.h */
| #define PACKAGE_NAME "gas"
| #define PACKAGE_TARNAME "gas"
| #define PACKAGE_VERSION "2.45"
| #define PACKAGE_STRING "gas 2.45"
| #define PACKAGE_BUGREPORT ""
| #define PACKAGE_URL ""
| #define PACKAGE "gas"
| #define VERSION "2.45"
| #define STDC_HEADERS 1
| #define HAVE_SYS_TYPES_H 1
| #define HAVE_SYS_STAT_H 1
| #define HAVE_STDLIB_H 1
| #define HAVE_STRING_H 1
| #define HAVE_MEMORY_H 1
| #define HAVE_STRINGS_H 1
| #define HAVE_INTTYPES_H 1
| #define HAVE_STDINT_H 1
| #define HAVE_UNISTD_H 1
| #define __EXTENSIONS__ 1
| #define _ALL_SOURCE 1
| #define _GNU_SOURCE 1
| #define _POSIX_PTHREAD_SEMANTICS 1
| #define _TANDEM_SOURCE 1
| #define HAVE_DLFCN_H 1
| #define LT_OBJDIR ".libs/"
| #define HAVE_DLFCN_H 1
| #define DEFAULT_ARCH "x86_64"
| #define DEFAULT_GENERATE_X86_RELAX_RELOCATIONS 1
| #define DEFAULT_X86_TLS_CHECK 1
| #define DEFAULT_GENERATE_ELF_STT_COMMON 0
| #define DEFAULT_GENERATE_BUILD_NOTES 0
| #define DEFAULT_X86_USED_NOTE 1
| #define DEFAULT_RISCV_ATTR 1
| #define DEFAULT_MIPS_FIX_LOONGSON3_LLSC 0
| #define DEFAULT_FLAG_COMPRESS_DEBUG 1
| #define DEFAULT_COMPRESSED_DEBUG_ALGORITHM COMPRESS_DEBUG_GABI_ZLIB
| #define EMULATIONS 
| #define DEFAULT_EMULATION ""
| #define TARGET_ALIAS "x86_64-pc-linux-gnu"
| #define TARGET_CANONICAL "x86_64-pc-linux-gnu"
| #define TARGET_CPU "x86_64"
| #define TARGET_VENDOR "pc"
| #define TARGET_OS "linux-gnu"
| /* end confdefs.h.  */
| #include <CoreFoundation/CFLocale.h>
| int
| main ()
| {
| CFLocaleCopyPreferredLanguages();
|   ;
|   return 0;
| }
configure:14161: result: no
configure:15041: checking whether to use NLS
configure:15043: result: no
configure:15126: checking whether NLS is requested
configure:15129: result: no
configure:15185: checking whether to enable maintainer-specific portions of Makefiles
configure:15194: result: no
configure:15220: checking for memory.h
configure:15220: result: yes
configure:15220: checking for sys/stat.h
configure:15220: result: yes
configure:15220: checking for sys/types.h
configure:15220: result: yes
configure:15220: checking for unistd.h
configure:15220: result: yes
configure:15233: checking whether compiling a cross-assembler
configure:15243: result: no
configure:15248: checking for strsignal
configure:15248: gcc -o conftest -g -O2        conftest.c  >&5
configure:15248: $? = 0
configure:15248: result: yes
configure:15259: checking for LC_MESSAGES
configure:15275: gcc -o conftest -g -O2        conftest.c  >&5
configure:15275: $? = 0
configure:15283: result: yes
configure:15434: checking for working assert macro
configure:15460: gcc -o conftest -g -O2        conftest.c  >&5
configure:15460: $? = 0
configure:15468: result: yes
configure:15489: checking for a known getopt prototype in unistd.h
configure:15505: gcc -c -g -O2      conftest.c >&5
configure:15505: $? = 0
configure:15513: result: yes
configure:15522: checking whether declaration is required for environ
configure:15542: gcc -o conftest -g -O2        conftest.c  >&5

## ---------------- ##
## Cache variables. ##
## ---------------- ##

ac_cv_build=x86_64-pc-linux-gnu
ac_cv_c_bigendian=no
ac_cv_c_compiler_gnu=yes
ac_cv_env_CC_set=set
ac_cv_env_CC_value=gcc
ac_cv_env_CFLAGS_set=set
ac_cv_env_CFLAGS_value='-g -O2    '
ac_cv_env_CPPFLAGS_set=
ac_cv_env_CPPFLAGS_value=
ac_cv_env_CPP_set=
ac_cv_env_CPP_value=
ac_cv_env_LDFLAGS_set=set
ac_cv_env_LDFLAGS_value=' '
ac_cv_env_LIBS_set=
ac_cv_env_LIBS_value=
ac_cv_env_PKG_CONFIG_LIBDIR_set=
ac_cv_env_PKG_CONFIG_LIBDIR_value=
ac_cv_env_PKG_CONFIG_PATH_set=set
ac_cv_env_PKG_CONFIG_PATH_value=
ac_cv_env_PKG_CONFIG_set=
ac_cv_env_PKG_CONFIG_value=
ac_cv_env_YACC_set=set
ac_cv_env_YACC_value='/home/liv/Projects/ChoccyNix/autotar/source/binutils/binutils-2.45/missing bison -y'
ac_cv_env_YFLAGS_set=
ac_cv_env_YFLAGS_value=
ac_cv_env_ZSTD_CFLAGS_set=
ac_cv_env_ZSTD_CFLAGS_value=
ac_cv_env_ZSTD_LIBS_set=
ac_cv_env_ZSTD_LIBS_value=
ac_cv_env_build_alias_set=set
ac_cv_env_build_alias_value=x86_64-pc-linux-gnu
ac_cv_env_host_alias_set=set
ac_cv_env_host_alias_value=x86_64-pc-linux-gnu
ac_cv_env_target_alias_set=set
ac_cv_env_target_alias_value=x86_64-pc-linux-gnu
ac_cv_func_strsignal=yes
ac_cv_header_dlfcn_h=yes
ac_cv_header_inttypes_h=yes
ac_cv_header_memory_h=yes
ac_cv_header_minix_config_h=no
ac_cv_header_stdc=yes
ac_cv_header_stdint_h=yes
ac_cv_header_stdlib_h=yes
ac_cv_header_string_h=yes
ac_cv_header_strings_h=yes
ac_cv_header_sys_stat_h=yes
ac_cv_header_sys_types_h=yes
ac_cv_header_unistd_h=yes
ac_cv_header_windows_h=no
ac_cv_host=x86_64-pc-linux-gnu
ac_cv_objext=o
ac_cv_path_EGREP='/usr/bin/grep -E'
ac_cv_path_FGREP='/usr/bin/grep -F'
ac_cv_path_GMSGFMT=/usr/bin/msgfmt
ac_cv_path_GREP=/usr/bin/grep
ac_cv_path_MSGFMT=/usr/bin/msgfmt
ac_cv_path_MSGMERGE=/usr/bin/msgmerge
ac_cv_path_SED=/usr/bin/sed
ac_cv_path_XGETTEXT=/usr/bin/xgettext
ac_cv_path_mkdir=/usr/bin/mkdir
ac_cv_prog_AR='ar --plugin /usr/libexec/gcc/x86_64-linux-gnu/14/liblto_plugin.so'
ac_cv_prog_AWK=mawk
ac_cv_prog_CC=gcc
ac_cv_prog_CPP='gcc -E'
ac_cv_prog_LEX='/home/liv/Projects/ChoccyNix/autotar/source/binutils/binutils-2.45/missing flex'
ac_cv_prog_OBJDUMP=objdump
ac_cv_prog_RANLIB='ranlib --plugin /usr/libexec/gcc/x86_64-linux-gnu/14/liblto_plugin.so'
ac_cv_prog_YACC='/home/liv/Projects/ChoccyNix/autotar/source/binutils/binutils-2.45/missing bison -y'
ac_cv_prog_ac_ct_STRIP=strip
ac_cv_prog_cc_c89=
ac_cv_prog_cc_g=yes
ac_cv_prog_make_make_set=yes
ac_cv_safe_to_define___extensions__=yes
ac_cv_search_dlsym='none required'
ac_cv_sys_file_offset_bits=no
ac_cv_sys_largefile_CC=no
ac_cv_target=x86_64-pc-linux-gnu
acl_cv_hardcode_direct=no
acl_cv_hardcode_libdir_flag_spec='${wl}-rpath ${wl}$libdir'
acl_cv_hardcode_libdir_separator=
acl_cv_hardcode_minus_L=no
acl_cv_libext=a
acl_cv_path_LD='ld -m elf_x86_64'
acl_cv_prog_gnu_ld=yes
acl_cv_rpath=done
acl_cv_shlibext=so
acl_cv_wl=-Wl,
am_cv_CC_dependencies_compiler_type=gcc3
am_cv_make_support_nested_variables=yes
am_cv_prog_cc_c_o=yes
am_cv_val_LC_MESSAGES=yes
gas_cv_assert_ok=yes
gas_cv_decl_getopt_unistd_h=yes
gcc_cv_prog_cmp_skip='cmp --ignore-initial=16 $$f1 $$f2'
gt_cv_func_CFLocaleCopyPreferredLanguages=no
gt_cv_func_CFPreferencesCopyAppValue=no
lt_cv_archive_cmds_need_lc=no
lt_cv_deplibs_check_method=pass_all
lt_cv_file_magic_cmd='$MAGIC_CMD'
lt_cv_file_magic_test_file=
lt_cv_ld_reload_flag=-r
lt_cv_nm_interface='BSD nm'
lt_cv_objdir=.libs
lt_cv_path_LD=ld
lt_cv_path_NM='/usr/bin/nm -B'
lt_cv_prog_compiler_c_o=yes
lt_cv_prog_compiler_pic_works=yes
lt_cv_prog_compiler_rtti_exceptions=no
lt_cv_prog_compiler_static_works=yes
lt_cv_prog_gnu_ld=yes
lt_cv_shlibpath_overrides_runpath=yes
lt_cv_sys_global_symbol_pipe='sed -n -e '\''s/^.*[	 ]\([ABCDGIRSTW][ABCDGIRSTW]*\)[	 ][	 ]*\([_A-Za-z][_A-Za-z0-9]*\)$/\1 \2 \2/p'\'''
lt_cv_sys_global_symbol_to_c_name_address='sed -n -e '\''s/^: \([^ ]*\) $/  {\"\1\", (void *) 0},/p'\'' -e '\''s/^[ABCDGIRSTW]* \([^ ]*\) \([^ ]*\)$/  {"\2", (void *) \&\2},/p'\'''
lt_cv_sys_global_symbol_to_c_name_address_lib_prefix='sed -n -e '\''s/^: \([^ ]*\) $/  {\"\1\", (void *) 0},/p'\'' -e '\''s/^[ABCDGIRSTW]* \([^ ]*\) \(lib[^ ]*\)$/  {"\2", (void *) \&\2},/p'\'' -e '\''s/^[ABCDGIRSTW]* \([^ ]*\) \([^ ]*\)$/  {"lib\2", (void *) \&\2},/p'\'''
lt_cv_sys_global_symbol_to_cdecl='sed -n -e '\''s/^T .* \(.*\)$/extern int \1();/p'\'' -e '\''s/^[ABCDGIRSTW]* .* \(.*\)$/extern char \1;/p'\'''
lt_cv_sys_max_cmd_len=1572864

## ----------------- ##
## Output variables. ##
## ----------------- ##

ACLOCAL='${SHELL} /home/liv/Projects/ChoccyNix/autotar/source/binutils/binutils-2.45/missing aclocal-1.15'
AMDEPBACKSLASH='\'
AMDEP_FALSE='#'
AMDEP_TRUE=''
AMTAR='$${TAR-tar}'
AM_BACKSLASH='\'
AM_DEFAULT_V='$(AM_DEFAULT_VERBOSITY)'
AM_DEFAULT_VERBOSITY='0'
AM_V='$(V)'
AR='ar --plugin /usr/libexec/gcc/x86_64-linux-gnu/14/liblto_plugin.so --plugin /usr/libexec/gcc/x86_64-linux-gnu/14/liblto_plugin.so'
AUTOCONF='${SHELL} /home/liv/Projects/ChoccyNix/autotar/source/binutils/binutils-2.45/missing autoconf'
AUTOHEADER='${SHELL} /home/liv/Projects/ChoccyNix/autotar/source/binutils/binutils-2.45/missing autoheader'
AUTOMAKE='${SHELL} /home/liv/Projects/ChoccyNix/autotar/source/binutils/binutils-2.45/missing automake-1.15'
AWK='mawk'
CATALOGS=''
CATOBJEXT=''
CC='gcc'
CCDEPMODE='depmode=gcc3'
CFLAGS='-g -O2    '
CPP='gcc -E'
CPPFLAGS=''
CYGPATH_W='echo'
DATADIRNAME=''
DEFS=''
DEPDIR='.deps'
DSYMUTIL='dsymutil'
DUMPBIN=''
ECHO_C=''
ECHO_N='-n'
ECHO_T=''
EGREP='/usr/bin/grep -E'
EXEEXT=''
FGREP='/usr/bin/grep -F'
GDBINIT='.gdbinit'
GENCAT=''
GENINSRC_NEVER_FALSE=''
GENINSRC_NEVER_TRUE='#'
GMSGFMT='/usr/bin/msgfmt'
GREP='/usr/bin/grep'
INCINTL=''
INSTALL_DATA='/usr/bin/install -c -m 644'
INSTALL_PROGRAM='/usr/bin/install -c'
INSTALL_SCRIPT='/usr/bin/install -c'
INSTALL_STRIP_PROGRAM='$(install_sh) -c -s'
INSTOBJEXT=''
INTLLIBS=''
INTL_MACOSX_LIBS=''
LARGEFILE_CPPFLAGS=''
LD='ld -m elf_x86_64'
LDFLAGS=' '
LEX='/home/liv/Projects/ChoccyNix/autotar/source/binutils/binutils-2.45/missing flex'
LEXLIB=''
LEX_OUTPUT_ROOT=''
LIBICONV='-liconv'
LIBINTL=''
LIBINTL_DEP=''
LIBM=''
LIBOBJS=''
LIBS=''
LIBTOOL='$(SHELL) $(top_builddir)/libtool'
LIPO=''
LN_S='ln -s'
LTLIBICONV='-liconv'
LTLIBINTL=''
LTLIBOBJS=''
MAINT='#'
MAINTAINER_MODE_FALSE=''
MAINTAINER_MODE_TRUE='#'
MAKEINFO='/home/liv/Projects/ChoccyNix/autotar/source/binutils/binutils-2.45/missing makeinfo --split-size=5000000'
MKDIR_P='/usr/bin/mkdir -p'
MKINSTALLDIRS='$(top_builddir)/../../gas/../mkinstalldirs'
MSGFMT='/usr/bin/msgfmt'
MSGMERGE='/usr/bin/msgmerge'
NM='/usr/bin/nm -B'
NMEDIT=''
NO_WERROR=''
OBJDUMP='objdump'
OBJEXT='o'
OPCODES_LIB=''
OTOOL64=''
OTOOL='otool'
PACKAGE='gas'
PACKAGE_BUGREPORT=''
PACKAGE_NAME='gas'
PACKAGE_STRING='gas 2.45'
PACKAGE_TARNAME='gas'
PACKAGE_URL=''
PACKAGE_VERSION='2.45'
PATH_SEPARATOR=':'
PKG_CONFIG=''
PKG_CONFIG_LIBDIR=''
PKG_CONFIG_PATH=''
POSUB=''
RANLIB='ranlib --plugin /usr/libexec/gcc/x86_64-linux-gnu/14/liblto_plugin.so --plugin /usr/libexec/gcc/x86_64-linux-gnu/14/liblto_plugin.so'
SED='/usr/bin/sed'
SET_MAKE=''
SHELL='/bin/bash'
STRIP='strip'
USE_NLS='no'
VERSION='2.45'
WARN_CFLAGS='-W -Wall -Wstrict-prototypes -Wmissing-prototypes -Wshadow -Wstack-usage=262144'
WARN_CFLAGS_FOR_BUILD='-W -Wall -Wstrict-prototypes -Wmissing-prototypes -Wshadow -Wstack-usage=262144'
WARN_WRITE_STRINGS='-Wwrite-strings'
XGETTEXT='/usr/bin/xgettext'
YACC='/home/liv/Projects/ChoccyNix/autotar/source/binutils/binutils-2.45/missing bison -y'
YFLAGS=''
ZSTD_CFLAGS=''
ZSTD_LIBS=''
ac_ct_CC=''
ac_ct_DUMPBIN=''
am__EXEEXT_FALSE=''
am__EXEEXT_TRUE=''
am__fastdepCC_FALSE='#'
am__fastdepCC_TRUE=''
am__include='include'
am__isrc=' -I$(srcdir)'
am__leading_dot='.'
am__nodep='_no'
am__quote=''
am__tar='$${TAR-tar} chof - "$$tardir"'
am__untar='$${TAR-tar} xf -'
atof='ieee'
bindir='${exec_prefix}/bin'
build='x86_64-pc-linux-gnu'
build_alias='x86_64-pc-linux-gnu'
build_cpu='x86_64'
build_os='linux-gnu'
build_vendor='pc'
cgen_cpu_prefix=''
datadir='${datarootdir}'
datarootdir='${prefix}/share'
do_compare='cmp --ignore-initial=16 $$f1 $$f2'
docdir='${datarootdir}/doc/${PACKAGE_TARNAME}'
dvidir='${docdir}'
exec_prefix='NONE'
extra_objects=''
host='x86_64-pc-linux-gnu'
host_alias='x86_64-pc-linux-gnu'
host_cpu='x86_64'
host_os='linux-gnu'
host_vendor='pc'
htmldir='${docdir}'
includedir='${prefix}/include'
infodir='${datarootdir}/info'
install_sh='${SHELL} /home/liv/Projects/ChoccyNix/autotar/source/binutils/binutils-2.45/install-sh'
install_tooldir='install-exec-tooldir'
libdir='/usr/lib'
libexecdir='${exec_prefix}/libexec'
localedir='${datarootdir}/locale'
localstatedir='${prefix}/var'
mandir='${datarootdir}/man'
mkdir_p='$(MKDIR_P)'
obj_format='elf'
oldincludedir='/usr/include'
pdfdir='${docdir}'
prefix='/usr'
program_transform_name='s,y,y,'
psdir='${docdir}'
sbindir='${exec_prefix}/sbin'
sharedstatedir='${prefix}/com'
sysconfdir='${prefix}/etc'
target='x86_64-pc-linux-gnu'
target_alias='x86_64-pc-linux-gnu'
target_cpu='x86_64'
target_cpu_type='i386'
target_os='linux-gnu'
target_vendor='pc'
te_file='linux'
zlibdir=''
zlibinc=''

## ----------- ##
## confdefs.h. ##
## ----------- ##

/* confdefs.h */
#define PACKAGE_NAME "gas"
#define PACKAGE_TARNAME "gas"
#define PACKAGE_VERSION "2.45"
#define PACKAGE_STRING "gas 2.45"
#define PACKAGE_BUGREPORT ""
#define PACKAGE_URL ""
#define PACKAGE "gas"
#define VERSION "2.45"
#define STDC_HEADERS 1
#define HAVE_SYS_TYPES_H 1
#define HAVE_SYS_STAT_H 1
#define HAVE_STDLIB_H 1
#define HAVE_STRING_H 1
#define HAVE_MEMORY_H 1
#define HAVE_STRINGS_H 1
#define HAVE_INTTYPES_H 1
#define HAVE_STDINT_H 1
#define HAVE_UNISTD_H 1
#define __EXTENSIONS__ 1
#define _ALL_SOURCE 1
#define _GNU_SOURCE 1
#define _POSIX_PTHREAD_SEMANTICS 1
#define _TANDEM_SOURCE 1
#define HAVE_DLFCN_H 1
#define LT_OBJDIR ".libs/"
#define HAVE_DLFCN_H 1
#define DEFAULT_ARCH "x86_64"
#define DEFAULT_GENERATE_X86_RELAX_RELOCATIONS 1
#define DEFAULT_X86_TLS_CHECK 1
#define DEFAULT_GENERATE_ELF_STT_COMMON 0
#define DEFAULT_GENERATE_BUILD_NOTES 0
#define DEFAULT_X86_USED_NOTE 1
#define DEFAULT_RISCV_ATTR 1
#define DEFAULT_MIPS_FIX_LOONGSON3_LLSC 0
#define DEFAULT_FLAG_COMPRESS_DEBUG 1
#define DEFAULT_COMPRESSED_DEBUG_ALGORITHM COMPRESS_DEBUG_GABI_ZLIB
#define EMULATIONS 
#define DEFAULT_EMULATION ""
#define TARGET_ALIAS "x86_64-pc-linux-gnu"
#define TARGET_CANONICAL "x86_64-pc-linux-gnu"
#define TARGET_CPU "x86_64"
#define TARGET_VENDOR "pc"
#define TARGET_OS "linux-gnu"
#define HAVE_MEMORY_H 1
#define HAVE_SYS_STAT_H 1
#define HAVE_SYS_TYPES_H 1
#define HAVE_UNISTD_H 1
#define HAVE_STRSIGNAL 1
#define HAVE_LC_MESSAGES 1
#define HAVE_DECL_GETOPT 1

configure: caught signal 2
configure: exit 1
